TRACE::2022-10-25.21:12:37::SCWPlatform::Trying to open the hw design at C:/Users/USER/DRAM_vitis_hls/DMA_SG_REMOVED/hw/DMA_SG_REMOVED.xsa
TRACE::2022-10-25.21:12:37::SCWPlatform::DSA given C:/Users/USER/DRAM_vitis_hls/DMA_SG_REMOVED/hw/DMA_SG_REMOVED.xsa
TRACE::2022-10-25.21:12:37::SCWPlatform::DSA absoulate path C:/Users/USER/DRAM_vitis_hls/DMA_SG_REMOVED/hw/DMA_SG_REMOVED.xsa
TRACE::2022-10-25.21:12:37::SCWPlatform::DSA directory C:/Users/USER/DRAM_vitis_hls/DMA_SG_REMOVED/hw
TRACE::2022-10-25.21:12:37::SCWPlatform:: Platform Path C:/Users/USER/DRAM_vitis_hls/DMA_SG_REMOVED/hw/DMA_SG_REMOVED.xsa
TRACE::2022-10-25.21:12:37::SCWPlatform:: Unique name xilinx:nexys_video::0.0
TRACE::2022-10-25.21:12:37::SCWPlatform::Do not have an existing db opened. 
TRACE::2022-10-25.21:12:38::SCWPlatform::Opened new HwDB with name design_1_wrapper_40
TRACE::2022-10-25.21:12:38::SCWWriter::formatted JSON is {
	"platformName":	"DMA_SG_REMOVED",
	"sprVersion":	"2.0",
	"mode":	"gui",
	"dsaType":	"Fixed",
	"platformDesc":	"DMA_SG_REMOVED",
	"platHandOff":	"C:/Users/USER/Downloads/nexys_big_mem_baud/DMA_SG_REMOVED.xsa",
	"platIntHandOff":	"<platformDir>/hw/DMA_SG_REMOVED.xsa",
	"deviceType":	"FPGA",
	"platIsPrebuiltAutogen":	"false",
	"platIsNoBootBsp":	"false",
	"hasFsblMakeHasChanges":	"false",
	"hasPmufwMakeHasChanges":	"false",
	"platPreBuiltFlag":	false,
	"platformSamplesDir":	""
}
TRACE::2022-10-25.21:12:38::SCWWriter::formatted JSON is {
	"platformName":	"DMA_SG_REMOVED",
	"sprVersion":	"2.0",
	"mode":	"gui",
	"dsaType":	"Fixed",
	"platformDesc":	"DMA_SG_REMOVED",
	"platHandOff":	"C:/Users/USER/Downloads/nexys_big_mem_baud/DMA_SG_REMOVED.xsa",
	"platIntHandOff":	"<platformDir>/hw/DMA_SG_REMOVED.xsa",
	"deviceType":	"FPGA",
	"platIsPrebuiltAutogen":	"false",
	"platIsNoBootBsp":	"false",
	"hasFsblMakeHasChanges":	"false",
	"hasPmufwMakeHasChanges":	"false",
	"platPreBuiltFlag":	false,
	"platformSamplesDir":	"",
	"platActiveSys":	"DMA_SG_REMOVED",
	"systems":	[{
			"systemName":	"DMA_SG_REMOVED",
			"systemDesc":	"DMA_SG_REMOVED",
			"sysIsBootAutoGen":	"true",
			"systemDispName":	"DMA_SG_REMOVED"
		}]
}
TRACE::2022-10-25.21:12:38::SCWPlatform::Boot application domains not present, creating them
TRACE::2022-10-25.21:12:38::SCWPlatform::Pure FPGA device, no boot application will be created.
TRACE::2022-10-25.21:12:38::SCWWriter::formatted JSON is {
	"platformName":	"DMA_SG_REMOVED",
	"sprVersion":	"2.0",
	"mode":	"gui",
	"dsaType":	"Fixed",
	"platformDesc":	"DMA_SG_REMOVED",
	"platHandOff":	"C:/Users/USER/Downloads/nexys_big_mem_baud/DMA_SG_REMOVED.xsa",
	"platIntHandOff":	"<platformDir>/hw/DMA_SG_REMOVED.xsa",
	"deviceType":	"FPGA",
	"platIsPrebuiltAutogen":	"false",
	"platIsNoBootBsp":	"false",
	"hasFsblMakeHasChanges":	"false",
	"hasPmufwMakeHasChanges":	"false",
	"platPreBuiltFlag":	false,
	"platformSamplesDir":	"",
	"platActiveSys":	"DMA_SG_REMOVED",
	"systems":	[{
			"systemName":	"DMA_SG_REMOVED",
			"systemDesc":	"DMA_SG_REMOVED",
			"sysIsBootAutoGen":	"true",
			"systemDispName":	"DMA_SG_REMOVED"
		}]
}
TRACE::2022-10-25.21:12:38::SCWWriter::formatted JSON is {
	"platformName":	"DMA_SG_REMOVED",
	"sprVersion":	"2.0",
	"mode":	"gui",
	"dsaType":	"Fixed",
	"platformDesc":	"DMA_SG_REMOVED",
	"platHandOff":	"C:/Users/USER/Downloads/nexys_big_mem_baud/DMA_SG_REMOVED.xsa",
	"platIntHandOff":	"<platformDir>/hw/DMA_SG_REMOVED.xsa",
	"deviceType":	"FPGA",
	"platIsPrebuiltAutogen":	"false",
	"platIsNoBootBsp":	"false",
	"hasFsblMakeHasChanges":	"false",
	"hasPmufwMakeHasChanges":	"false",
	"platPreBuiltFlag":	false,
	"platformSamplesDir":	"",
	"platActiveSys":	"DMA_SG_REMOVED",
	"systems":	[{
			"systemName":	"DMA_SG_REMOVED",
			"systemDesc":	"DMA_SG_REMOVED",
			"sysIsBootAutoGen":	"true",
			"systemDispName":	"DMA_SG_REMOVED"
		}]
}
TRACE::2022-10-25.21:12:38::SCWPlatform::Trying to open the hw design at C:/Users/USER/DRAM_vitis_hls/DMA_SG_REMOVED/hw/DMA_SG_REMOVED.xsa
TRACE::2022-10-25.21:12:38::SCWPlatform::DSA given C:/Users/USER/DRAM_vitis_hls/DMA_SG_REMOVED/hw/DMA_SG_REMOVED.xsa
TRACE::2022-10-25.21:12:38::SCWPlatform::DSA absoulate path C:/Users/USER/DRAM_vitis_hls/DMA_SG_REMOVED/hw/DMA_SG_REMOVED.xsa
TRACE::2022-10-25.21:12:38::SCWPlatform::DSA directory C:/Users/USER/DRAM_vitis_hls/DMA_SG_REMOVED/hw
TRACE::2022-10-25.21:12:38::SCWPlatform:: Platform Path C:/Users/USER/DRAM_vitis_hls/DMA_SG_REMOVED/hw/DMA_SG_REMOVED.xsa
TRACE::2022-10-25.21:12:38::SCWPlatform:: Unique name xilinx:nexys_video::0.0
TRACE::2022-10-25.21:12:38::SCWPlatform::Trying to set the existing hwdb with name design_1_wrapper_40
TRACE::2022-10-25.21:12:38::SCWPlatform::Opened existing hwdb design_1_wrapper_40
TRACE::2022-10-25.21:12:38::SCWPlatform::Found the Hw Db part of the input DSA
TRACE::2022-10-25.21:12:38::SCWPlatform::Trying to open the hw design at C:/Users/USER/DRAM_vitis_hls/DMA_SG_REMOVED/hw/DMA_SG_REMOVED.xsa
TRACE::2022-10-25.21:12:38::SCWPlatform::DSA given C:/Users/USER/DRAM_vitis_hls/DMA_SG_REMOVED/hw/DMA_SG_REMOVED.xsa
TRACE::2022-10-25.21:12:38::SCWPlatform::DSA absoulate path C:/Users/USER/DRAM_vitis_hls/DMA_SG_REMOVED/hw/DMA_SG_REMOVED.xsa
TRACE::2022-10-25.21:12:38::SCWPlatform::DSA directory C:/Users/USER/DRAM_vitis_hls/DMA_SG_REMOVED/hw
TRACE::2022-10-25.21:12:38::SCWPlatform:: Platform Path C:/Users/USER/DRAM_vitis_hls/DMA_SG_REMOVED/hw/DMA_SG_REMOVED.xsa
TRACE::2022-10-25.21:12:38::SCWPlatform:: Unique name xilinx:nexys_video::0.0
TRACE::2022-10-25.21:12:38::SCWPlatform::Trying to set the existing hwdb with name design_1_wrapper_40
TRACE::2022-10-25.21:12:38::SCWPlatform::Opened existing hwdb design_1_wrapper_40
TRACE::2022-10-25.21:12:38::SCWPlatform::Found the Hw Db part of the input DSA
TRACE::2022-10-25.21:12:38::SCWDomain::checking for install qemu data   : 
TRACE::2022-10-25.21:12:38::SCWPlatform::Trying to open the hw design at C:/Users/USER/DRAM_vitis_hls/DMA_SG_REMOVED/hw/DMA_SG_REMOVED.xsa
TRACE::2022-10-25.21:12:38::SCWPlatform::DSA given C:/Users/USER/DRAM_vitis_hls/DMA_SG_REMOVED/hw/DMA_SG_REMOVED.xsa
TRACE::2022-10-25.21:12:38::SCWPlatform::DSA absoulate path C:/Users/USER/DRAM_vitis_hls/DMA_SG_REMOVED/hw/DMA_SG_REMOVED.xsa
TRACE::2022-10-25.21:12:38::SCWPlatform::DSA directory C:/Users/USER/DRAM_vitis_hls/DMA_SG_REMOVED/hw
TRACE::2022-10-25.21:12:38::SCWPlatform:: Platform Path C:/Users/USER/DRAM_vitis_hls/DMA_SG_REMOVED/hw/DMA_SG_REMOVED.xsa
TRACE::2022-10-25.21:12:38::SCWPlatform:: Unique name xilinx:nexys_video::0.0
TRACE::2022-10-25.21:12:38::SCWPlatform::Trying to set the existing hwdb with name design_1_wrapper_40
TRACE::2022-10-25.21:12:38::SCWPlatform::Opened existing hwdb design_1_wrapper_40
TRACE::2022-10-25.21:12:38::SCWPlatform::Found the Hw Db part of the input DSA
TRACE::2022-10-25.21:12:38::SCWPlatform::Trying to open the hw design at C:/Users/USER/DRAM_vitis_hls/DMA_SG_REMOVED/hw/DMA_SG_REMOVED.xsa
TRACE::2022-10-25.21:12:38::SCWPlatform::DSA given C:/Users/USER/DRAM_vitis_hls/DMA_SG_REMOVED/hw/DMA_SG_REMOVED.xsa
TRACE::2022-10-25.21:12:38::SCWPlatform::DSA absoulate path C:/Users/USER/DRAM_vitis_hls/DMA_SG_REMOVED/hw/DMA_SG_REMOVED.xsa
TRACE::2022-10-25.21:12:38::SCWPlatform::DSA directory C:/Users/USER/DRAM_vitis_hls/DMA_SG_REMOVED/hw
TRACE::2022-10-25.21:12:38::SCWPlatform:: Platform Path C:/Users/USER/DRAM_vitis_hls/DMA_SG_REMOVED/hw/DMA_SG_REMOVED.xsa
TRACE::2022-10-25.21:12:38::SCWPlatform:: Unique name xilinx:nexys_video::0.0
TRACE::2022-10-25.21:12:38::SCWPlatform::Trying to set the existing hwdb with name design_1_wrapper_40
TRACE::2022-10-25.21:12:38::SCWPlatform::Opened existing hwdb design_1_wrapper_40
TRACE::2022-10-25.21:12:38::SCWPlatform::Found the Hw Db part of the input DSA
TRACE::2022-10-25.21:12:38::SCWPlatform::Trying to open the hw design at C:/Users/USER/DRAM_vitis_hls/DMA_SG_REMOVED/hw/DMA_SG_REMOVED.xsa
TRACE::2022-10-25.21:12:38::SCWPlatform::DSA given C:/Users/USER/DRAM_vitis_hls/DMA_SG_REMOVED/hw/DMA_SG_REMOVED.xsa
TRACE::2022-10-25.21:12:38::SCWPlatform::DSA absoulate path C:/Users/USER/DRAM_vitis_hls/DMA_SG_REMOVED/hw/DMA_SG_REMOVED.xsa
TRACE::2022-10-25.21:12:38::SCWPlatform::DSA directory C:/Users/USER/DRAM_vitis_hls/DMA_SG_REMOVED/hw
TRACE::2022-10-25.21:12:38::SCWPlatform:: Platform Path C:/Users/USER/DRAM_vitis_hls/DMA_SG_REMOVED/hw/DMA_SG_REMOVED.xsa
TRACE::2022-10-25.21:12:38::SCWPlatform:: Unique name xilinx:nexys_video::0.0
TRACE::2022-10-25.21:12:38::SCWPlatform::Trying to set the existing hwdb with name design_1_wrapper_40
TRACE::2022-10-25.21:12:38::SCWPlatform::Opened existing hwdb design_1_wrapper_40
TRACE::2022-10-25.21:12:38::SCWPlatform::Found the Hw Db part of the input DSA
TRACE::2022-10-25.21:12:38::SCWMssOS::Checking the sw design at  C:/Users/USER/DRAM_vitis_hls/DMA_SG_REMOVED/microblaze_0/standalone_microblaze_0/bsp/system.mss
TRACE::2022-10-25.21:12:38::SCWMssOS::DEBUG:  swdes dump  
TRACE::2022-10-25.21:12:38::SCWMssOS::No sw design opened at  C:/Users/USER/DRAM_vitis_hls/DMA_SG_REMOVED/microblaze_0/standalone_microblaze_0/bsp/system.mss
TRACE::2022-10-25.21:12:38::SCWMssOS::mss does not exists at C:/Users/USER/DRAM_vitis_hls/DMA_SG_REMOVED/microblaze_0/standalone_microblaze_0/bsp/system.mss
TRACE::2022-10-25.21:12:38::SCWMssOS::Creating sw design at  C:/Users/USER/DRAM_vitis_hls/DMA_SG_REMOVED/microblaze_0/standalone_microblaze_0/bsp/system.mss
TRACE::2022-10-25.21:12:38::SCWMssOS::Adding the swdes entry, created swdb C:/Users/USER/DRAM_vitis_hls/DMA_SG_REMOVED/microblaze_0/standalone_microblaze_0/bsp/system.mss with des name C:/Users/USER/DRAM_vitis_hls/DMA_SG_REMOVED/microblaze_0/standalone_microblaze_0/bsp/system.mss
TRACE::2022-10-25.21:12:38::SCWMssOS::updating the scw layer changes to swdes at   C:/Users/USER/DRAM_vitis_hls/DMA_SG_REMOVED/microblaze_0/standalone_microblaze_0/bsp/system.mss
TRACE::2022-10-25.21:12:38::SCWMssOS::Writing mss at C:/Users/USER/DRAM_vitis_hls/DMA_SG_REMOVED/microblaze_0/standalone_microblaze_0/bsp/system.mss
TRACE::2022-10-25.21:12:38::SCWMssOS::Completed writing the mss file at C:/Users/USER/DRAM_vitis_hls/DMA_SG_REMOVED/microblaze_0/standalone_microblaze_0/bsp
TRACE::2022-10-25.21:12:38::SCWMssOS::Picking up changes from newly written mss file into SCW Layer. 
TRACE::2022-10-25.21:12:38::SCWMssOS::Updated the changes from newly written mss file into SCW Layer. 
TRACE::2022-10-25.21:12:38::SCWMssOS::Completed writing the mss file at C:/Users/USER/DRAM_vitis_hls/DMA_SG_REMOVED/microblaze_0/standalone_microblaze_0/bsp
TRACE::2022-10-25.21:12:38::SCWMssOS::Forcing BSP Sources regeneration.
TRACE::2022-10-25.21:12:39::SCWMssOS::Saving the mss changes C:/Users/USER/DRAM_vitis_hls/DMA_SG_REMOVED/microblaze_0/standalone_microblaze_0/bsp/system.mss
TRACE::2022-10-25.21:12:39::SCWMssOS::Adding the swdes entry, mss present, able to open swdb C:/Users/USER/DRAM_vitis_hls/DMA_SG_REMOVED/microblaze_0/standalone_microblaze_0/bsp/system.mss with des name system
TRACE::2022-10-25.21:12:39::SCWMssOS::Writing the mss file completed C:/Users/USER/DRAM_vitis_hls/DMA_SG_REMOVED/microblaze_0/standalone_microblaze_0/bsp/system.mss
TRACE::2022-10-25.21:12:39::SCWMssOS::Commit changes completed.
TRACE::2022-10-25.21:12:39::SCWPlatform::Trying to open the hw design at C:/Users/USER/DRAM_vitis_hls/DMA_SG_REMOVED/hw/DMA_SG_REMOVED.xsa
TRACE::2022-10-25.21:12:39::SCWPlatform::DSA given C:/Users/USER/DRAM_vitis_hls/DMA_SG_REMOVED/hw/DMA_SG_REMOVED.xsa
TRACE::2022-10-25.21:12:39::SCWPlatform::DSA absoulate path C:/Users/USER/DRAM_vitis_hls/DMA_SG_REMOVED/hw/DMA_SG_REMOVED.xsa
TRACE::2022-10-25.21:12:39::SCWPlatform::DSA directory C:/Users/USER/DRAM_vitis_hls/DMA_SG_REMOVED/hw
TRACE::2022-10-25.21:12:39::SCWPlatform:: Platform Path C:/Users/USER/DRAM_vitis_hls/DMA_SG_REMOVED/hw/DMA_SG_REMOVED.xsa
TRACE::2022-10-25.21:12:39::SCWPlatform:: Unique name xilinx:nexys_video::0.0
TRACE::2022-10-25.21:12:39::SCWPlatform::Trying to set the existing hwdb with name design_1_wrapper_40
TRACE::2022-10-25.21:12:39::SCWPlatform::Opened existing hwdb design_1_wrapper_40
TRACE::2022-10-25.21:12:39::SCWPlatform::Found the Hw Db part of the input DSA
TRACE::2022-10-25.21:12:39::SCWMssOS::Checking the sw design at  C:/Users/USER/DRAM_vitis_hls/DMA_SG_REMOVED/microblaze_0/standalone_microblaze_0/bsp/system.mss
TRACE::2022-10-25.21:12:39::SCWMssOS::DEBUG:  swdes dump  C:/Users/USER/DRAM_vitis_hls/DMA_SG_REMOVED/microblaze_0/standalone_microblaze_0/bsp/system.mss|system||

TRACE::2022-10-25.21:12:39::SCWMssOS::Sw design exists and opened at  C:/Users/USER/DRAM_vitis_hls/DMA_SG_REMOVED/microblaze_0/standalone_microblaze_0/bsp/system.mss
TRACE::2022-10-25.21:12:39::SCWPlatform::Trying to open the hw design at C:/Users/USER/DRAM_vitis_hls/DMA_SG_REMOVED/hw/DMA_SG_REMOVED.xsa
TRACE::2022-10-25.21:12:39::SCWPlatform::DSA given C:/Users/USER/DRAM_vitis_hls/DMA_SG_REMOVED/hw/DMA_SG_REMOVED.xsa
TRACE::2022-10-25.21:12:39::SCWPlatform::DSA absoulate path C:/Users/USER/DRAM_vitis_hls/DMA_SG_REMOVED/hw/DMA_SG_REMOVED.xsa
TRACE::2022-10-25.21:12:39::SCWPlatform::DSA directory C:/Users/USER/DRAM_vitis_hls/DMA_SG_REMOVED/hw
TRACE::2022-10-25.21:12:39::SCWPlatform:: Platform Path C:/Users/USER/DRAM_vitis_hls/DMA_SG_REMOVED/hw/DMA_SG_REMOVED.xsa
TRACE::2022-10-25.21:12:39::SCWPlatform:: Unique name xilinx:nexys_video::0.0
TRACE::2022-10-25.21:12:39::SCWPlatform::Trying to set the existing hwdb with name design_1_wrapper_40
TRACE::2022-10-25.21:12:39::SCWPlatform::Opened existing hwdb design_1_wrapper_40
TRACE::2022-10-25.21:12:39::SCWPlatform::Found the Hw Db part of the input DSA
TRACE::2022-10-25.21:12:39::SCWMssOS::Checking the sw design at  C:/Users/USER/DRAM_vitis_hls/DMA_SG_REMOVED/microblaze_0/standalone_microblaze_0/bsp/system.mss
TRACE::2022-10-25.21:12:39::SCWMssOS::DEBUG:  swdes dump  C:/Users/USER/DRAM_vitis_hls/DMA_SG_REMOVED/microblaze_0/standalone_microblaze_0/bsp/system.mss|system||

TRACE::2022-10-25.21:12:39::SCWMssOS::Sw design exists and opened at  C:/Users/USER/DRAM_vitis_hls/DMA_SG_REMOVED/microblaze_0/standalone_microblaze_0/bsp/system.mss
TRACE::2022-10-25.21:12:39::SCWPlatform::Trying to open the hw design at C:/Users/USER/DRAM_vitis_hls/DMA_SG_REMOVED/hw/DMA_SG_REMOVED.xsa
TRACE::2022-10-25.21:12:39::SCWPlatform::DSA given C:/Users/USER/DRAM_vitis_hls/DMA_SG_REMOVED/hw/DMA_SG_REMOVED.xsa
TRACE::2022-10-25.21:12:39::SCWPlatform::DSA absoulate path C:/Users/USER/DRAM_vitis_hls/DMA_SG_REMOVED/hw/DMA_SG_REMOVED.xsa
TRACE::2022-10-25.21:12:39::SCWPlatform::DSA directory C:/Users/USER/DRAM_vitis_hls/DMA_SG_REMOVED/hw
TRACE::2022-10-25.21:12:39::SCWPlatform:: Platform Path C:/Users/USER/DRAM_vitis_hls/DMA_SG_REMOVED/hw/DMA_SG_REMOVED.xsa
TRACE::2022-10-25.21:12:39::SCWPlatform:: Unique name xilinx:nexys_video::0.0
TRACE::2022-10-25.21:12:39::SCWPlatform::Trying to set the existing hwdb with name design_1_wrapper_40
TRACE::2022-10-25.21:12:39::SCWPlatform::Opened existing hwdb design_1_wrapper_40
TRACE::2022-10-25.21:12:39::SCWPlatform::Found the Hw Db part of the input DSA
TRACE::2022-10-25.21:12:39::SCWMssOS::Checking the sw design at  C:/Users/USER/DRAM_vitis_hls/DMA_SG_REMOVED/microblaze_0/standalone_microblaze_0/bsp/system.mss
TRACE::2022-10-25.21:12:39::SCWMssOS::DEBUG:  swdes dump  C:/Users/USER/DRAM_vitis_hls/DMA_SG_REMOVED/microblaze_0/standalone_microblaze_0/bsp/system.mss|system||

TRACE::2022-10-25.21:12:39::SCWMssOS::Sw design exists and opened at  C:/Users/USER/DRAM_vitis_hls/DMA_SG_REMOVED/microblaze_0/standalone_microblaze_0/bsp/system.mss
TRACE::2022-10-25.21:12:39::SCWWriter::formatted JSON is {
	"platformName":	"DMA_SG_REMOVED",
	"sprVersion":	"2.0",
	"mode":	"gui",
	"dsaType":	"Fixed",
	"platformDesc":	"DMA_SG_REMOVED",
	"platHandOff":	"C:/Users/USER/Downloads/nexys_big_mem_baud/DMA_SG_REMOVED.xsa",
	"platIntHandOff":	"<platformDir>/hw/DMA_SG_REMOVED.xsa",
	"deviceType":	"FPGA",
	"platIsPrebuiltAutogen":	"false",
	"platIsNoBootBsp":	"false",
	"hasFsblMakeHasChanges":	"false",
	"hasPmufwMakeHasChanges":	"false",
	"platPreBuiltFlag":	false,
	"platformSamplesDir":	"",
	"platActiveSys":	"DMA_SG_REMOVED",
	"systems":	[{
			"systemName":	"DMA_SG_REMOVED",
			"systemDesc":	"DMA_SG_REMOVED",
			"sysIsBootAutoGen":	"true",
			"systemDispName":	"DMA_SG_REMOVED",
			"sysActiveDom":	"standalone_microblaze_0",
			"sysDefaultDom":	"standalone_microblaze_0",
			"domains":	[{
					"domainName":	"standalone_microblaze_0",
					"domainDispName":	"standalone_microblaze_0",
					"domainDesc":	"standalone_microblaze_0",
					"processors":	"microblaze_0",
					"os":	"standalone",
					"sdxOs":	"standalone",
					"debugEnable":	"False",
					"domRuntimes":	["cpp"],
					"swRepo":	"",
					"mssOsVer":	"7.5",
					"mssFile":	"",
					"md5Digest":	"6d881196522c5fa3d26911c3a8f7b8e6",
					"compatibleApp":	"empty_application",
					"domType":	"mssDomain",
					"arch":	"32-bit",
					"appSettings":	{
						"appCompilerFlags":	"",
						"appLinkerFlags":	""
					},
					"addedLibs":	[],
					"libOptions":	{
						"libsContainingOptions":	[]
					},
					"prebuiltLibs":	{
						"prebuiltIncPath":	[],
						"prebuiltLibPath":	[]
					},
					"isolation":	{
					}
				}]
		}]
}
LOG::2022-10-25.21:12:39::SCWPlatform::Started generating the artifacts platform DMA_SG_REMOVED
TRACE::2022-10-25.21:12:39::SCWPlatform::Sanity checking of platform is completed
LOG::2022-10-25.21:12:39::SCWPlatform::Started generating the artifacts for system configuration DMA_SG_REMOVED
LOG::2022-10-25.21:12:39::SCWSystem::Checking the domain standalone_microblaze_0
LOG::2022-10-25.21:12:39::SCWSystem::Not a boot domain 
LOG::2022-10-25.21:12:39::SCWSystem::Started Processing the domain standalone_microblaze_0
TRACE::2022-10-25.21:12:39::SCWDomain::Generating domain artifcats
TRACE::2022-10-25.21:12:39::SCWMssOS::Generating standalone artifcats
TRACE::2022-10-25.21:12:39::SCWMssOS:: Copying the user libraries. 
TRACE::2022-10-25.21:12:39::SCWPlatform::Trying to open the hw design at C:/Users/USER/DRAM_vitis_hls/DMA_SG_REMOVED/hw/DMA_SG_REMOVED.xsa
TRACE::2022-10-25.21:12:39::SCWPlatform::DSA given C:/Users/USER/DRAM_vitis_hls/DMA_SG_REMOVED/hw/DMA_SG_REMOVED.xsa
TRACE::2022-10-25.21:12:39::SCWPlatform::DSA absoulate path C:/Users/USER/DRAM_vitis_hls/DMA_SG_REMOVED/hw/DMA_SG_REMOVED.xsa
TRACE::2022-10-25.21:12:39::SCWPlatform::DSA directory C:/Users/USER/DRAM_vitis_hls/DMA_SG_REMOVED/hw
TRACE::2022-10-25.21:12:39::SCWPlatform:: Platform Path C:/Users/USER/DRAM_vitis_hls/DMA_SG_REMOVED/hw/DMA_SG_REMOVED.xsa
TRACE::2022-10-25.21:12:39::SCWPlatform:: Unique name xilinx:nexys_video::0.0
TRACE::2022-10-25.21:12:39::SCWPlatform::Trying to set the existing hwdb with name design_1_wrapper_40
TRACE::2022-10-25.21:12:39::SCWPlatform::Opened existing hwdb design_1_wrapper_40
TRACE::2022-10-25.21:12:39::SCWPlatform::Found the Hw Db part of the input DSA
TRACE::2022-10-25.21:12:39::SCWMssOS::Checking the sw design at  C:/Users/USER/DRAM_vitis_hls/DMA_SG_REMOVED/microblaze_0/standalone_microblaze_0/bsp/system.mss
TRACE::2022-10-25.21:12:39::SCWMssOS::DEBUG:  swdes dump  C:/Users/USER/DRAM_vitis_hls/DMA_SG_REMOVED/microblaze_0/standalone_microblaze_0/bsp/system.mss|system||

TRACE::2022-10-25.21:12:39::SCWMssOS::Sw design exists and opened at  C:/Users/USER/DRAM_vitis_hls/DMA_SG_REMOVED/microblaze_0/standalone_microblaze_0/bsp/system.mss
TRACE::2022-10-25.21:12:39::SCWMssOS::Completed writing the mss file at C:/Users/USER/DRAM_vitis_hls/DMA_SG_REMOVED/microblaze_0/standalone_microblaze_0/bsp
TRACE::2022-10-25.21:12:39::SCWMssOS::Mss edits present, copying mssfile into export location C:/Users/USER/DRAM_vitis_hls/DMA_SG_REMOVED/microblaze_0/standalone_microblaze_0/bsp/system.mss
TRACE::2022-10-25.21:12:39::SCWMssOS::bsp generated is upto date with the mss file. Skipping bsp generation.
TRACE::2022-10-25.21:12:39::SCWMssOS::BSP is already built. skipping the bsp build ... 
TRACE::2022-10-25.21:12:39::SCWDomain::Skipping the build for domain :  standalone_microblaze_0
TRACE::2022-10-25.21:12:39::SCWMssOS::skipping the bsp build ... 
TRACE::2022-10-25.21:12:39::SCWMssOS::Copying to export directory.
TRACE::2022-10-25.21:12:39::SCWMssOS:: Checking if to create the Supporting Applications
TRACE::2022-10-25.21:12:39::SCWMssOS:: No Linux domain exists, trying to generate FSBL 
LOG::2022-10-25.21:12:39::SCWSystem::Completed Processing the domain standalone_microblaze_0
LOG::2022-10-25.21:12:39::SCWSystem::Completed Processing the sysconfig DMA_SG_REMOVED
LOG::2022-10-25.21:12:39::SCWPlatform::Completed generating the artifacts for system configuration DMA_SG_REMOVED
TRACE::2022-10-25.21:12:39::SCWPlatform::Started preparing the platform 
TRACE::2022-10-25.21:12:39::SCWSystem::Writing the bif file for system config DMA_SG_REMOVED
TRACE::2022-10-25.21:12:39::SCWSystem::dir created 
TRACE::2022-10-25.21:12:39::SCWSystem::Writing the bif 
TRACE::2022-10-25.21:12:39::SCWPlatform::Started writing the spfm file 
TRACE::2022-10-25.21:12:39::SCWPlatform::Started writing the xpfm file 
TRACE::2022-10-25.21:12:39::SCWPlatform::Completed generating the platform
TRACE::2022-10-25.21:12:39::SCWMssOS::Saving the mss changes C:/Users/USER/DRAM_vitis_hls/DMA_SG_REMOVED/microblaze_0/standalone_microblaze_0/bsp/system.mss
TRACE::2022-10-25.21:12:39::SCWMssOS::Found a swdesign opened with the mssfile.
TRACE::2022-10-25.21:12:39::SCWMssOS::Completed writemss as part of save.
TRACE::2022-10-25.21:12:39::SCWMssOS::Commit changes completed.
TRACE::2022-10-25.21:12:39::SCWPlatform::Trying to open the hw design at C:/Users/USER/DRAM_vitis_hls/DMA_SG_REMOVED/hw/DMA_SG_REMOVED.xsa
TRACE::2022-10-25.21:12:39::SCWPlatform::DSA given C:/Users/USER/DRAM_vitis_hls/DMA_SG_REMOVED/hw/DMA_SG_REMOVED.xsa
TRACE::2022-10-25.21:12:39::SCWPlatform::DSA absoulate path C:/Users/USER/DRAM_vitis_hls/DMA_SG_REMOVED/hw/DMA_SG_REMOVED.xsa
TRACE::2022-10-25.21:12:39::SCWPlatform::DSA directory C:/Users/USER/DRAM_vitis_hls/DMA_SG_REMOVED/hw
TRACE::2022-10-25.21:12:39::SCWPlatform:: Platform Path C:/Users/USER/DRAM_vitis_hls/DMA_SG_REMOVED/hw/DMA_SG_REMOVED.xsa
TRACE::2022-10-25.21:12:39::SCWPlatform:: Unique name xilinx:nexys_video::0.0
TRACE::2022-10-25.21:12:39::SCWPlatform::Trying to set the existing hwdb with name design_1_wrapper_40
TRACE::2022-10-25.21:12:39::SCWPlatform::Opened existing hwdb design_1_wrapper_40
TRACE::2022-10-25.21:12:39::SCWPlatform::Found the Hw Db part of the input DSA
TRACE::2022-10-25.21:12:39::SCWMssOS::Checking the sw design at  C:/Users/USER/DRAM_vitis_hls/DMA_SG_REMOVED/microblaze_0/standalone_microblaze_0/bsp/system.mss
TRACE::2022-10-25.21:12:39::SCWMssOS::DEBUG:  swdes dump  C:/Users/USER/DRAM_vitis_hls/DMA_SG_REMOVED/microblaze_0/standalone_microblaze_0/bsp/system.mss|system||

TRACE::2022-10-25.21:12:39::SCWMssOS::Sw design exists and opened at  C:/Users/USER/DRAM_vitis_hls/DMA_SG_REMOVED/microblaze_0/standalone_microblaze_0/bsp/system.mss
TRACE::2022-10-25.21:12:39::SCWPlatform::Trying to open the hw design at C:/Users/USER/DRAM_vitis_hls/DMA_SG_REMOVED/hw/DMA_SG_REMOVED.xsa
TRACE::2022-10-25.21:12:39::SCWPlatform::DSA given C:/Users/USER/DRAM_vitis_hls/DMA_SG_REMOVED/hw/DMA_SG_REMOVED.xsa
TRACE::2022-10-25.21:12:39::SCWPlatform::DSA absoulate path C:/Users/USER/DRAM_vitis_hls/DMA_SG_REMOVED/hw/DMA_SG_REMOVED.xsa
TRACE::2022-10-25.21:12:39::SCWPlatform::DSA directory C:/Users/USER/DRAM_vitis_hls/DMA_SG_REMOVED/hw
TRACE::2022-10-25.21:12:39::SCWPlatform:: Platform Path C:/Users/USER/DRAM_vitis_hls/DMA_SG_REMOVED/hw/DMA_SG_REMOVED.xsa
TRACE::2022-10-25.21:12:39::SCWPlatform:: Unique name xilinx:nexys_video::0.0
TRACE::2022-10-25.21:12:39::SCWPlatform::Trying to set the existing hwdb with name design_1_wrapper_40
TRACE::2022-10-25.21:12:39::SCWPlatform::Opened existing hwdb design_1_wrapper_40
TRACE::2022-10-25.21:12:39::SCWPlatform::Found the Hw Db part of the input DSA
TRACE::2022-10-25.21:12:39::SCWMssOS::Checking the sw design at  C:/Users/USER/DRAM_vitis_hls/DMA_SG_REMOVED/microblaze_0/standalone_microblaze_0/bsp/system.mss
TRACE::2022-10-25.21:12:39::SCWMssOS::DEBUG:  swdes dump  C:/Users/USER/DRAM_vitis_hls/DMA_SG_REMOVED/microblaze_0/standalone_microblaze_0/bsp/system.mss|system||

TRACE::2022-10-25.21:12:39::SCWMssOS::Sw design exists and opened at  C:/Users/USER/DRAM_vitis_hls/DMA_SG_REMOVED/microblaze_0/standalone_microblaze_0/bsp/system.mss
TRACE::2022-10-25.21:12:39::SCWPlatform::Trying to open the hw design at C:/Users/USER/DRAM_vitis_hls/DMA_SG_REMOVED/hw/DMA_SG_REMOVED.xsa
TRACE::2022-10-25.21:12:39::SCWPlatform::DSA given C:/Users/USER/DRAM_vitis_hls/DMA_SG_REMOVED/hw/DMA_SG_REMOVED.xsa
TRACE::2022-10-25.21:12:39::SCWPlatform::DSA absoulate path C:/Users/USER/DRAM_vitis_hls/DMA_SG_REMOVED/hw/DMA_SG_REMOVED.xsa
TRACE::2022-10-25.21:12:39::SCWPlatform::DSA directory C:/Users/USER/DRAM_vitis_hls/DMA_SG_REMOVED/hw
TRACE::2022-10-25.21:12:39::SCWPlatform:: Platform Path C:/Users/USER/DRAM_vitis_hls/DMA_SG_REMOVED/hw/DMA_SG_REMOVED.xsa
TRACE::2022-10-25.21:12:39::SCWPlatform:: Unique name xilinx:nexys_video::0.0
TRACE::2022-10-25.21:12:39::SCWPlatform::Trying to set the existing hwdb with name design_1_wrapper_40
TRACE::2022-10-25.21:12:39::SCWPlatform::Opened existing hwdb design_1_wrapper_40
TRACE::2022-10-25.21:12:39::SCWPlatform::Found the Hw Db part of the input DSA
TRACE::2022-10-25.21:12:39::SCWMssOS::Checking the sw design at  C:/Users/USER/DRAM_vitis_hls/DMA_SG_REMOVED/microblaze_0/standalone_microblaze_0/bsp/system.mss
TRACE::2022-10-25.21:12:39::SCWMssOS::DEBUG:  swdes dump  C:/Users/USER/DRAM_vitis_hls/DMA_SG_REMOVED/microblaze_0/standalone_microblaze_0/bsp/system.mss|system||

TRACE::2022-10-25.21:12:39::SCWMssOS::Sw design exists and opened at  C:/Users/USER/DRAM_vitis_hls/DMA_SG_REMOVED/microblaze_0/standalone_microblaze_0/bsp/system.mss
TRACE::2022-10-25.21:12:39::SCWWriter::formatted JSON is {
	"platformName":	"DMA_SG_REMOVED",
	"sprVersion":	"2.0",
	"mode":	"gui",
	"dsaType":	"Fixed",
	"platformDesc":	"DMA_SG_REMOVED",
	"platHandOff":	"C:/Users/USER/Downloads/nexys_big_mem_baud/DMA_SG_REMOVED.xsa",
	"platIntHandOff":	"<platformDir>/hw/DMA_SG_REMOVED.xsa",
	"deviceType":	"FPGA",
	"platIsPrebuiltAutogen":	"false",
	"platIsNoBootBsp":	"false",
	"hasFsblMakeHasChanges":	"false",
	"hasPmufwMakeHasChanges":	"false",
	"platPreBuiltFlag":	false,
	"platformSamplesDir":	"",
	"platActiveSys":	"DMA_SG_REMOVED",
	"systems":	[{
			"systemName":	"DMA_SG_REMOVED",
			"systemDesc":	"DMA_SG_REMOVED",
			"sysIsBootAutoGen":	"true",
			"systemDispName":	"DMA_SG_REMOVED",
			"sysActiveDom":	"standalone_microblaze_0",
			"sysDefaultDom":	"standalone_microblaze_0",
			"domains":	[{
					"domainName":	"standalone_microblaze_0",
					"domainDispName":	"standalone_microblaze_0",
					"domainDesc":	"standalone_microblaze_0",
					"processors":	"microblaze_0",
					"os":	"standalone",
					"sdxOs":	"standalone",
					"debugEnable":	"False",
					"domRuntimes":	["cpp"],
					"swRepo":	"",
					"mssOsVer":	"7.5",
					"mssFile":	"",
					"md5Digest":	"6d881196522c5fa3d26911c3a8f7b8e6",
					"compatibleApp":	"empty_application",
					"domType":	"mssDomain",
					"arch":	"32-bit",
					"appSettings":	{
						"appCompilerFlags":	"",
						"appLinkerFlags":	""
					},
					"addedLibs":	[],
					"libOptions":	{
						"libsContainingOptions":	[]
					},
					"prebuiltLibs":	{
						"prebuiltIncPath":	[],
						"prebuiltLibPath":	[]
					},
					"isolation":	{
					}
				}]
		}]
}
KEYINFO::2022-10-25.21:12:39::SCWPlatform::updated the xpfm file.
TRACE::2022-10-25.21:12:39::SCWPlatform::Trying to open the hw design at C:/Users/USER/DRAM_vitis_hls/DMA_SG_REMOVED/hw/DMA_SG_REMOVED.xsa
TRACE::2022-10-25.21:12:39::SCWPlatform::DSA given C:/Users/USER/DRAM_vitis_hls/DMA_SG_REMOVED/hw/DMA_SG_REMOVED.xsa
TRACE::2022-10-25.21:12:39::SCWPlatform::DSA absoulate path C:/Users/USER/DRAM_vitis_hls/DMA_SG_REMOVED/hw/DMA_SG_REMOVED.xsa
TRACE::2022-10-25.21:12:39::SCWPlatform::DSA directory C:/Users/USER/DRAM_vitis_hls/DMA_SG_REMOVED/hw
TRACE::2022-10-25.21:12:39::SCWPlatform:: Platform Path C:/Users/USER/DRAM_vitis_hls/DMA_SG_REMOVED/hw/DMA_SG_REMOVED.xsa
TRACE::2022-10-25.21:12:39::SCWPlatform:: Unique name xilinx:nexys_video::0.0
TRACE::2022-10-25.21:12:39::SCWPlatform::Trying to set the existing hwdb with name design_1_wrapper_40
TRACE::2022-10-25.21:12:39::SCWPlatform::Opened existing hwdb design_1_wrapper_40
TRACE::2022-10-25.21:12:39::SCWPlatform::Found the Hw Db part of the input DSA
TRACE::2022-10-25.21:12:39::SCWMssOS::Checking the sw design at  C:/Users/USER/DRAM_vitis_hls/DMA_SG_REMOVED/microblaze_0/standalone_microblaze_0/bsp/system.mss
TRACE::2022-10-25.21:12:39::SCWMssOS::DEBUG:  swdes dump  C:/Users/USER/DRAM_vitis_hls/DMA_SG_REMOVED/microblaze_0/standalone_microblaze_0/bsp/system.mss|system||

TRACE::2022-10-25.21:12:39::SCWMssOS::Sw design exists and opened at  C:/Users/USER/DRAM_vitis_hls/DMA_SG_REMOVED/microblaze_0/standalone_microblaze_0/bsp/system.mss
TRACE::2022-10-25.21:12:39::SCWMssOS::Saving the mss changes C:/Users/USER/DRAM_vitis_hls/DMA_SG_REMOVED/microblaze_0/standalone_microblaze_0/bsp/system.mss
TRACE::2022-10-25.21:12:39::SCWMssOS::Found a swdesign opened with the mssfile.
TRACE::2022-10-25.21:12:39::SCWMssOS::Completed writemss as part of save.
TRACE::2022-10-25.21:12:39::SCWMssOS::Commit changes completed.
TRACE::2022-10-25.21:12:39::SCWPlatform::Trying to open the hw design at C:/Users/USER/DRAM_vitis_hls/DMA_SG_REMOVED/hw/DMA_SG_REMOVED.xsa
TRACE::2022-10-25.21:12:39::SCWPlatform::DSA given C:/Users/USER/DRAM_vitis_hls/DMA_SG_REMOVED/hw/DMA_SG_REMOVED.xsa
TRACE::2022-10-25.21:12:39::SCWPlatform::DSA absoulate path C:/Users/USER/DRAM_vitis_hls/DMA_SG_REMOVED/hw/DMA_SG_REMOVED.xsa
TRACE::2022-10-25.21:12:39::SCWPlatform::DSA directory C:/Users/USER/DRAM_vitis_hls/DMA_SG_REMOVED/hw
TRACE::2022-10-25.21:12:39::SCWPlatform:: Platform Path C:/Users/USER/DRAM_vitis_hls/DMA_SG_REMOVED/hw/DMA_SG_REMOVED.xsa
TRACE::2022-10-25.21:12:39::SCWPlatform:: Unique name xilinx:nexys_video::0.0
TRACE::2022-10-25.21:12:39::SCWPlatform::Trying to set the existing hwdb with name design_1_wrapper_40
TRACE::2022-10-25.21:12:39::SCWPlatform::Opened existing hwdb design_1_wrapper_40
TRACE::2022-10-25.21:12:39::SCWPlatform::Found the Hw Db part of the input DSA
TRACE::2022-10-25.21:12:39::SCWMssOS::Checking the sw design at  C:/Users/USER/DRAM_vitis_hls/DMA_SG_REMOVED/microblaze_0/standalone_microblaze_0/bsp/system.mss
TRACE::2022-10-25.21:12:39::SCWMssOS::DEBUG:  swdes dump  C:/Users/USER/DRAM_vitis_hls/DMA_SG_REMOVED/microblaze_0/standalone_microblaze_0/bsp/system.mss|system||

TRACE::2022-10-25.21:12:39::SCWMssOS::Sw design exists and opened at  C:/Users/USER/DRAM_vitis_hls/DMA_SG_REMOVED/microblaze_0/standalone_microblaze_0/bsp/system.mss
TRACE::2022-10-25.21:12:39::SCWPlatform::Trying to open the hw design at C:/Users/USER/DRAM_vitis_hls/DMA_SG_REMOVED/hw/DMA_SG_REMOVED.xsa
TRACE::2022-10-25.21:12:39::SCWPlatform::DSA given C:/Users/USER/DRAM_vitis_hls/DMA_SG_REMOVED/hw/DMA_SG_REMOVED.xsa
TRACE::2022-10-25.21:12:39::SCWPlatform::DSA absoulate path C:/Users/USER/DRAM_vitis_hls/DMA_SG_REMOVED/hw/DMA_SG_REMOVED.xsa
TRACE::2022-10-25.21:12:39::SCWPlatform::DSA directory C:/Users/USER/DRAM_vitis_hls/DMA_SG_REMOVED/hw
TRACE::2022-10-25.21:12:39::SCWPlatform:: Platform Path C:/Users/USER/DRAM_vitis_hls/DMA_SG_REMOVED/hw/DMA_SG_REMOVED.xsa
TRACE::2022-10-25.21:12:39::SCWPlatform:: Unique name xilinx:nexys_video::0.0
TRACE::2022-10-25.21:12:39::SCWPlatform::Trying to set the existing hwdb with name design_1_wrapper_40
TRACE::2022-10-25.21:12:39::SCWPlatform::Opened existing hwdb design_1_wrapper_40
TRACE::2022-10-25.21:12:39::SCWPlatform::Found the Hw Db part of the input DSA
TRACE::2022-10-25.21:12:39::SCWMssOS::Checking the sw design at  C:/Users/USER/DRAM_vitis_hls/DMA_SG_REMOVED/microblaze_0/standalone_microblaze_0/bsp/system.mss
TRACE::2022-10-25.21:12:39::SCWMssOS::DEBUG:  swdes dump  C:/Users/USER/DRAM_vitis_hls/DMA_SG_REMOVED/microblaze_0/standalone_microblaze_0/bsp/system.mss|system||

TRACE::2022-10-25.21:12:39::SCWMssOS::Sw design exists and opened at  C:/Users/USER/DRAM_vitis_hls/DMA_SG_REMOVED/microblaze_0/standalone_microblaze_0/bsp/system.mss
TRACE::2022-10-25.21:12:39::SCWPlatform::Trying to open the hw design at C:/Users/USER/DRAM_vitis_hls/DMA_SG_REMOVED/hw/DMA_SG_REMOVED.xsa
TRACE::2022-10-25.21:12:39::SCWPlatform::DSA given C:/Users/USER/DRAM_vitis_hls/DMA_SG_REMOVED/hw/DMA_SG_REMOVED.xsa
TRACE::2022-10-25.21:12:39::SCWPlatform::DSA absoulate path C:/Users/USER/DRAM_vitis_hls/DMA_SG_REMOVED/hw/DMA_SG_REMOVED.xsa
TRACE::2022-10-25.21:12:39::SCWPlatform::DSA directory C:/Users/USER/DRAM_vitis_hls/DMA_SG_REMOVED/hw
TRACE::2022-10-25.21:12:39::SCWPlatform:: Platform Path C:/Users/USER/DRAM_vitis_hls/DMA_SG_REMOVED/hw/DMA_SG_REMOVED.xsa
TRACE::2022-10-25.21:12:39::SCWPlatform:: Unique name xilinx:nexys_video::0.0
TRACE::2022-10-25.21:12:39::SCWPlatform::Trying to set the existing hwdb with name design_1_wrapper_40
TRACE::2022-10-25.21:12:39::SCWPlatform::Opened existing hwdb design_1_wrapper_40
TRACE::2022-10-25.21:12:39::SCWPlatform::Found the Hw Db part of the input DSA
TRACE::2022-10-25.21:12:39::SCWMssOS::Checking the sw design at  C:/Users/USER/DRAM_vitis_hls/DMA_SG_REMOVED/microblaze_0/standalone_microblaze_0/bsp/system.mss
TRACE::2022-10-25.21:12:39::SCWMssOS::DEBUG:  swdes dump  C:/Users/USER/DRAM_vitis_hls/DMA_SG_REMOVED/microblaze_0/standalone_microblaze_0/bsp/system.mss|system||

TRACE::2022-10-25.21:12:39::SCWMssOS::Sw design exists and opened at  C:/Users/USER/DRAM_vitis_hls/DMA_SG_REMOVED/microblaze_0/standalone_microblaze_0/bsp/system.mss
TRACE::2022-10-25.21:12:39::SCWWriter::formatted JSON is {
	"platformName":	"DMA_SG_REMOVED",
	"sprVersion":	"2.0",
	"mode":	"gui",
	"dsaType":	"Fixed",
	"platformDesc":	"DMA_SG_REMOVED",
	"platHandOff":	"C:/Users/USER/Downloads/nexys_big_mem_baud/DMA_SG_REMOVED.xsa",
	"platIntHandOff":	"<platformDir>/hw/DMA_SG_REMOVED.xsa",
	"deviceType":	"FPGA",
	"platIsPrebuiltAutogen":	"false",
	"platIsNoBootBsp":	"false",
	"hasFsblMakeHasChanges":	"false",
	"hasPmufwMakeHasChanges":	"false",
	"platPreBuiltFlag":	false,
	"platformSamplesDir":	"",
	"platActiveSys":	"DMA_SG_REMOVED",
	"systems":	[{
			"systemName":	"DMA_SG_REMOVED",
			"systemDesc":	"DMA_SG_REMOVED",
			"sysIsBootAutoGen":	"true",
			"systemDispName":	"DMA_SG_REMOVED",
			"sysActiveDom":	"standalone_microblaze_0",
			"sysDefaultDom":	"standalone_microblaze_0",
			"domains":	[{
					"domainName":	"standalone_microblaze_0",
					"domainDispName":	"standalone_microblaze_0",
					"domainDesc":	"standalone_microblaze_0",
					"processors":	"microblaze_0",
					"os":	"standalone",
					"sdxOs":	"standalone",
					"debugEnable":	"False",
					"domRuntimes":	["cpp"],
					"swRepo":	"",
					"mssOsVer":	"7.5",
					"mssFile":	"",
					"md5Digest":	"6d881196522c5fa3d26911c3a8f7b8e6",
					"compatibleApp":	"empty_application",
					"domType":	"mssDomain",
					"arch":	"32-bit",
					"appSettings":	{
						"appCompilerFlags":	"",
						"appLinkerFlags":	""
					},
					"addedLibs":	[],
					"libOptions":	{
						"libsContainingOptions":	[]
					},
					"prebuiltLibs":	{
						"prebuiltIncPath":	[],
						"prebuiltLibPath":	[]
					},
					"isolation":	{
					}
				}]
		}]
}
TRACE::2022-10-25.21:12:39::SCWPlatform::Trying to open the hw design at C:/Users/USER/DRAM_vitis_hls/DMA_SG_REMOVED/hw/DMA_SG_REMOVED.xsa
TRACE::2022-10-25.21:12:39::SCWPlatform::DSA given C:/Users/USER/DRAM_vitis_hls/DMA_SG_REMOVED/hw/DMA_SG_REMOVED.xsa
TRACE::2022-10-25.21:12:39::SCWPlatform::DSA absoulate path C:/Users/USER/DRAM_vitis_hls/DMA_SG_REMOVED/hw/DMA_SG_REMOVED.xsa
TRACE::2022-10-25.21:12:39::SCWPlatform::DSA directory C:/Users/USER/DRAM_vitis_hls/DMA_SG_REMOVED/hw
TRACE::2022-10-25.21:12:39::SCWPlatform:: Platform Path C:/Users/USER/DRAM_vitis_hls/DMA_SG_REMOVED/hw/DMA_SG_REMOVED.xsa
TRACE::2022-10-25.21:12:39::SCWPlatform:: Unique name xilinx:nexys_video::0.0
TRACE::2022-10-25.21:12:39::SCWPlatform::Trying to set the existing hwdb with name design_1_wrapper_40
TRACE::2022-10-25.21:12:39::SCWPlatform::Opened existing hwdb design_1_wrapper_40
TRACE::2022-10-25.21:12:39::SCWPlatform::Found the Hw Db part of the input DSA
TRACE::2022-10-25.21:12:39::SCWMssOS::Checking the sw design at  C:/Users/USER/DRAM_vitis_hls/DMA_SG_REMOVED/microblaze_0/standalone_microblaze_0/bsp/system.mss
TRACE::2022-10-25.21:12:39::SCWMssOS::DEBUG:  swdes dump  C:/Users/USER/DRAM_vitis_hls/DMA_SG_REMOVED/microblaze_0/standalone_microblaze_0/bsp/system.mss|system||

TRACE::2022-10-25.21:12:39::SCWMssOS::Sw design exists and opened at  C:/Users/USER/DRAM_vitis_hls/DMA_SG_REMOVED/microblaze_0/standalone_microblaze_0/bsp/system.mss
TRACE::2022-10-25.21:12:39::SCWPlatform::Trying to open the hw design at C:/Users/USER/DRAM_vitis_hls/DMA_SG_REMOVED/hw/DMA_SG_REMOVED.xsa
TRACE::2022-10-25.21:12:39::SCWPlatform::DSA given C:/Users/USER/DRAM_vitis_hls/DMA_SG_REMOVED/hw/DMA_SG_REMOVED.xsa
TRACE::2022-10-25.21:12:39::SCWPlatform::DSA absoulate path C:/Users/USER/DRAM_vitis_hls/DMA_SG_REMOVED/hw/DMA_SG_REMOVED.xsa
TRACE::2022-10-25.21:12:39::SCWPlatform::DSA directory C:/Users/USER/DRAM_vitis_hls/DMA_SG_REMOVED/hw
TRACE::2022-10-25.21:12:39::SCWPlatform:: Platform Path C:/Users/USER/DRAM_vitis_hls/DMA_SG_REMOVED/hw/DMA_SG_REMOVED.xsa
TRACE::2022-10-25.21:12:39::SCWPlatform:: Unique name xilinx:nexys_video::0.0
TRACE::2022-10-25.21:12:39::SCWPlatform::Trying to set the existing hwdb with name design_1_wrapper_40
TRACE::2022-10-25.21:12:39::SCWPlatform::Opened existing hwdb design_1_wrapper_40
TRACE::2022-10-25.21:12:39::SCWPlatform::Found the Hw Db part of the input DSA
TRACE::2022-10-25.21:12:39::SCWMssOS::Checking the sw design at  C:/Users/USER/DRAM_vitis_hls/DMA_SG_REMOVED/microblaze_0/standalone_microblaze_0/bsp/system.mss
TRACE::2022-10-25.21:12:39::SCWMssOS::DEBUG:  swdes dump  C:/Users/USER/DRAM_vitis_hls/DMA_SG_REMOVED/microblaze_0/standalone_microblaze_0/bsp/system.mss|system||

TRACE::2022-10-25.21:12:39::SCWMssOS::Sw design exists and opened at  C:/Users/USER/DRAM_vitis_hls/DMA_SG_REMOVED/microblaze_0/standalone_microblaze_0/bsp/system.mss
TRACE::2022-10-25.21:12:39::SCWMssOS::Saving the mss changes C:/Users/USER/DRAM_vitis_hls/DMA_SG_REMOVED/microblaze_0/standalone_microblaze_0/bsp/system.mss
TRACE::2022-10-25.21:12:39::SCWMssOS::Found a swdesign opened with the mssfile.
TRACE::2022-10-25.21:12:39::SCWMssOS::Completed writemss as part of save.
TRACE::2022-10-25.21:12:39::SCWMssOS::Commit changes completed.
TRACE::2022-10-25.21:12:39::SCWPlatform::Trying to open the hw design at C:/Users/USER/DRAM_vitis_hls/DMA_SG_REMOVED/hw/DMA_SG_REMOVED.xsa
TRACE::2022-10-25.21:12:39::SCWPlatform::DSA given C:/Users/USER/DRAM_vitis_hls/DMA_SG_REMOVED/hw/DMA_SG_REMOVED.xsa
TRACE::2022-10-25.21:12:39::SCWPlatform::DSA absoulate path C:/Users/USER/DRAM_vitis_hls/DMA_SG_REMOVED/hw/DMA_SG_REMOVED.xsa
TRACE::2022-10-25.21:12:39::SCWPlatform::DSA directory C:/Users/USER/DRAM_vitis_hls/DMA_SG_REMOVED/hw
TRACE::2022-10-25.21:12:39::SCWPlatform:: Platform Path C:/Users/USER/DRAM_vitis_hls/DMA_SG_REMOVED/hw/DMA_SG_REMOVED.xsa
TRACE::2022-10-25.21:12:39::SCWPlatform:: Unique name xilinx:nexys_video::0.0
TRACE::2022-10-25.21:12:39::SCWPlatform::Trying to set the existing hwdb with name design_1_wrapper_40
TRACE::2022-10-25.21:12:39::SCWPlatform::Opened existing hwdb design_1_wrapper_40
TRACE::2022-10-25.21:12:39::SCWPlatform::Found the Hw Db part of the input DSA
TRACE::2022-10-25.21:12:39::SCWMssOS::Checking the sw design at  C:/Users/USER/DRAM_vitis_hls/DMA_SG_REMOVED/microblaze_0/standalone_microblaze_0/bsp/system.mss
TRACE::2022-10-25.21:12:39::SCWMssOS::DEBUG:  swdes dump  C:/Users/USER/DRAM_vitis_hls/DMA_SG_REMOVED/microblaze_0/standalone_microblaze_0/bsp/system.mss|system||

TRACE::2022-10-25.21:12:39::SCWMssOS::Sw design exists and opened at  C:/Users/USER/DRAM_vitis_hls/DMA_SG_REMOVED/microblaze_0/standalone_microblaze_0/bsp/system.mss
TRACE::2022-10-25.21:12:39::SCWPlatform::Trying to open the hw design at C:/Users/USER/DRAM_vitis_hls/DMA_SG_REMOVED/hw/DMA_SG_REMOVED.xsa
TRACE::2022-10-25.21:12:39::SCWPlatform::DSA given C:/Users/USER/DRAM_vitis_hls/DMA_SG_REMOVED/hw/DMA_SG_REMOVED.xsa
TRACE::2022-10-25.21:12:39::SCWPlatform::DSA absoulate path C:/Users/USER/DRAM_vitis_hls/DMA_SG_REMOVED/hw/DMA_SG_REMOVED.xsa
TRACE::2022-10-25.21:12:39::SCWPlatform::DSA directory C:/Users/USER/DRAM_vitis_hls/DMA_SG_REMOVED/hw
TRACE::2022-10-25.21:12:39::SCWPlatform:: Platform Path C:/Users/USER/DRAM_vitis_hls/DMA_SG_REMOVED/hw/DMA_SG_REMOVED.xsa
TRACE::2022-10-25.21:12:39::SCWPlatform:: Unique name xilinx:nexys_video::0.0
TRACE::2022-10-25.21:12:39::SCWPlatform::Trying to set the existing hwdb with name design_1_wrapper_40
TRACE::2022-10-25.21:12:39::SCWPlatform::Opened existing hwdb design_1_wrapper_40
TRACE::2022-10-25.21:12:39::SCWPlatform::Found the Hw Db part of the input DSA
TRACE::2022-10-25.21:12:39::SCWMssOS::Checking the sw design at  C:/Users/USER/DRAM_vitis_hls/DMA_SG_REMOVED/microblaze_0/standalone_microblaze_0/bsp/system.mss
TRACE::2022-10-25.21:12:39::SCWMssOS::DEBUG:  swdes dump  C:/Users/USER/DRAM_vitis_hls/DMA_SG_REMOVED/microblaze_0/standalone_microblaze_0/bsp/system.mss|system||

TRACE::2022-10-25.21:12:39::SCWMssOS::Sw design exists and opened at  C:/Users/USER/DRAM_vitis_hls/DMA_SG_REMOVED/microblaze_0/standalone_microblaze_0/bsp/system.mss
TRACE::2022-10-25.21:12:39::SCWPlatform::Trying to open the hw design at C:/Users/USER/DRAM_vitis_hls/DMA_SG_REMOVED/hw/DMA_SG_REMOVED.xsa
TRACE::2022-10-25.21:12:39::SCWPlatform::DSA given C:/Users/USER/DRAM_vitis_hls/DMA_SG_REMOVED/hw/DMA_SG_REMOVED.xsa
TRACE::2022-10-25.21:12:39::SCWPlatform::DSA absoulate path C:/Users/USER/DRAM_vitis_hls/DMA_SG_REMOVED/hw/DMA_SG_REMOVED.xsa
TRACE::2022-10-25.21:12:39::SCWPlatform::DSA directory C:/Users/USER/DRAM_vitis_hls/DMA_SG_REMOVED/hw
TRACE::2022-10-25.21:12:39::SCWPlatform:: Platform Path C:/Users/USER/DRAM_vitis_hls/DMA_SG_REMOVED/hw/DMA_SG_REMOVED.xsa
TRACE::2022-10-25.21:12:39::SCWPlatform:: Unique name xilinx:nexys_video::0.0
TRACE::2022-10-25.21:12:39::SCWPlatform::Trying to set the existing hwdb with name design_1_wrapper_40
TRACE::2022-10-25.21:12:39::SCWPlatform::Opened existing hwdb design_1_wrapper_40
TRACE::2022-10-25.21:12:39::SCWPlatform::Found the Hw Db part of the input DSA
TRACE::2022-10-25.21:12:39::SCWMssOS::Checking the sw design at  C:/Users/USER/DRAM_vitis_hls/DMA_SG_REMOVED/microblaze_0/standalone_microblaze_0/bsp/system.mss
TRACE::2022-10-25.21:12:39::SCWMssOS::DEBUG:  swdes dump  C:/Users/USER/DRAM_vitis_hls/DMA_SG_REMOVED/microblaze_0/standalone_microblaze_0/bsp/system.mss|system||

TRACE::2022-10-25.21:12:39::SCWMssOS::Sw design exists and opened at  C:/Users/USER/DRAM_vitis_hls/DMA_SG_REMOVED/microblaze_0/standalone_microblaze_0/bsp/system.mss
TRACE::2022-10-25.21:12:39::SCWWriter::formatted JSON is {
	"platformName":	"DMA_SG_REMOVED",
	"sprVersion":	"2.0",
	"mode":	"gui",
	"dsaType":	"Fixed",
	"platformDesc":	"DMA_SG_REMOVED",
	"platHandOff":	"C:/Users/USER/Downloads/nexys_big_mem_baud/DMA_SG_REMOVED.xsa",
	"platIntHandOff":	"<platformDir>/hw/DMA_SG_REMOVED.xsa",
	"deviceType":	"FPGA",
	"platIsPrebuiltAutogen":	"false",
	"platIsNoBootBsp":	"false",
	"hasFsblMakeHasChanges":	"false",
	"hasPmufwMakeHasChanges":	"false",
	"platPreBuiltFlag":	false,
	"platformSamplesDir":	"",
	"platActiveSys":	"DMA_SG_REMOVED",
	"systems":	[{
			"systemName":	"DMA_SG_REMOVED",
			"systemDesc":	"DMA_SG_REMOVED",
			"sysIsBootAutoGen":	"true",
			"systemDispName":	"DMA_SG_REMOVED",
			"sysActiveDom":	"standalone_microblaze_0",
			"sysDefaultDom":	"standalone_microblaze_0",
			"domains":	[{
					"domainName":	"standalone_microblaze_0",
					"domainDispName":	"standalone_microblaze_0",
					"domainDesc":	"standalone_microblaze_0",
					"processors":	"microblaze_0",
					"os":	"standalone",
					"sdxOs":	"standalone",
					"debugEnable":	"False",
					"domRuntimes":	["cpp"],
					"swRepo":	"",
					"mssOsVer":	"7.5",
					"mssFile":	"",
					"md5Digest":	"6d881196522c5fa3d26911c3a8f7b8e6",
					"compatibleApp":	"empty_application",
					"domType":	"mssDomain",
					"arch":	"32-bit",
					"appSettings":	{
						"appCompilerFlags":	"",
						"appLinkerFlags":	""
					},
					"addedLibs":	[],
					"libOptions":	{
						"libsContainingOptions":	[]
					},
					"prebuiltLibs":	{
						"prebuiltIncPath":	[],
						"prebuiltLibPath":	[]
					},
					"isolation":	{
					}
				}]
		}]
}
LOG::2022-10-25.21:12:39::SCWPlatform::Started generating the artifacts platform DMA_SG_REMOVED
TRACE::2022-10-25.21:12:39::SCWPlatform::Sanity checking of platform is completed
LOG::2022-10-25.21:12:39::SCWPlatform::Started generating the artifacts for system configuration DMA_SG_REMOVED
LOG::2022-10-25.21:12:39::SCWSystem::Started Processing the domain standalone_microblaze_0
TRACE::2022-10-25.21:12:39::SCWDomain::Generating domain artifcats
TRACE::2022-10-25.21:12:39::SCWMssOS::Generating standalone artifcats
TRACE::2022-10-25.21:12:39::SCWMssOS:: Copying the user libraries. 
TRACE::2022-10-25.21:12:39::SCWPlatform::Trying to open the hw design at C:/Users/USER/DRAM_vitis_hls/DMA_SG_REMOVED/hw/DMA_SG_REMOVED.xsa
TRACE::2022-10-25.21:12:39::SCWPlatform::DSA given C:/Users/USER/DRAM_vitis_hls/DMA_SG_REMOVED/hw/DMA_SG_REMOVED.xsa
TRACE::2022-10-25.21:12:39::SCWPlatform::DSA absoulate path C:/Users/USER/DRAM_vitis_hls/DMA_SG_REMOVED/hw/DMA_SG_REMOVED.xsa
TRACE::2022-10-25.21:12:39::SCWPlatform::DSA directory C:/Users/USER/DRAM_vitis_hls/DMA_SG_REMOVED/hw
TRACE::2022-10-25.21:12:39::SCWPlatform:: Platform Path C:/Users/USER/DRAM_vitis_hls/DMA_SG_REMOVED/hw/DMA_SG_REMOVED.xsa
TRACE::2022-10-25.21:12:39::SCWPlatform:: Unique name xilinx:nexys_video::0.0
TRACE::2022-10-25.21:12:39::SCWPlatform::Trying to set the existing hwdb with name design_1_wrapper_40
TRACE::2022-10-25.21:12:39::SCWPlatform::Opened existing hwdb design_1_wrapper_40
TRACE::2022-10-25.21:12:39::SCWPlatform::Found the Hw Db part of the input DSA
TRACE::2022-10-25.21:12:39::SCWMssOS::Checking the sw design at  C:/Users/USER/DRAM_vitis_hls/DMA_SG_REMOVED/microblaze_0/standalone_microblaze_0/bsp/system.mss
TRACE::2022-10-25.21:12:39::SCWMssOS::DEBUG:  swdes dump  C:/Users/USER/DRAM_vitis_hls/DMA_SG_REMOVED/microblaze_0/standalone_microblaze_0/bsp/system.mss|system||

TRACE::2022-10-25.21:12:39::SCWMssOS::Sw design exists and opened at  C:/Users/USER/DRAM_vitis_hls/DMA_SG_REMOVED/microblaze_0/standalone_microblaze_0/bsp/system.mss
TRACE::2022-10-25.21:12:39::SCWMssOS::Completed writing the mss file at C:/Users/USER/DRAM_vitis_hls/DMA_SG_REMOVED/microblaze_0/standalone_microblaze_0/bsp
TRACE::2022-10-25.21:12:39::SCWMssOS::Mss edits present, copying mssfile into export location C:/Users/USER/DRAM_vitis_hls/DMA_SG_REMOVED/microblaze_0/standalone_microblaze_0/bsp/system.mss
TRACE::2022-10-25.21:12:39::SCWMssOS::bsp generated is upto date with the mss file. Skipping bsp generation.
TRACE::2022-10-25.21:12:39::SCWMssOS::BSP is already built. skipping the bsp build ... 
TRACE::2022-10-25.21:12:39::SCWDomain::Building the domain as part of full build :  standalone_microblaze_0
TRACE::2022-10-25.21:12:39::SCWMssOS::skipping the bsp build ... 
TRACE::2022-10-25.21:12:39::SCWMssOS::Copying to export directory.
TRACE::2022-10-25.21:12:39::SCWMssOS:: Checking if to create the Supporting Applications
TRACE::2022-10-25.21:12:39::SCWMssOS:: No Linux domain exists, trying to generate FSBL 
LOG::2022-10-25.21:12:39::SCWSystem::Completed Processing the domain standalone_microblaze_0
LOG::2022-10-25.21:12:39::SCWSystem::Completed Processing the sysconfig DMA_SG_REMOVED
LOG::2022-10-25.21:12:39::SCWPlatform::Completed generating the artifacts for system configuration DMA_SG_REMOVED
TRACE::2022-10-25.21:12:39::SCWPlatform::Started preparing the platform 
TRACE::2022-10-25.21:12:39::SCWSystem::Writing the bif file for system config DMA_SG_REMOVED
TRACE::2022-10-25.21:12:39::SCWSystem::dir created 
TRACE::2022-10-25.21:12:39::SCWSystem::Writing the bif 
TRACE::2022-10-25.21:12:39::SCWPlatform::Started writing the spfm file 
TRACE::2022-10-25.21:12:39::SCWPlatform::Started writing the xpfm file 
TRACE::2022-10-25.21:12:39::SCWPlatform::Completed generating the platform
TRACE::2022-10-25.21:12:39::SCWMssOS::Saving the mss changes C:/Users/USER/DRAM_vitis_hls/DMA_SG_REMOVED/microblaze_0/standalone_microblaze_0/bsp/system.mss
TRACE::2022-10-25.21:12:39::SCWMssOS::Found a swdesign opened with the mssfile.
TRACE::2022-10-25.21:12:39::SCWMssOS::Completed writemss as part of save.
TRACE::2022-10-25.21:12:39::SCWMssOS::Commit changes completed.
TRACE::2022-10-25.21:12:39::SCWPlatform::Trying to open the hw design at C:/Users/USER/DRAM_vitis_hls/DMA_SG_REMOVED/hw/DMA_SG_REMOVED.xsa
TRACE::2022-10-25.21:12:39::SCWPlatform::DSA given C:/Users/USER/DRAM_vitis_hls/DMA_SG_REMOVED/hw/DMA_SG_REMOVED.xsa
TRACE::2022-10-25.21:12:39::SCWPlatform::DSA absoulate path C:/Users/USER/DRAM_vitis_hls/DMA_SG_REMOVED/hw/DMA_SG_REMOVED.xsa
TRACE::2022-10-25.21:12:39::SCWPlatform::DSA directory C:/Users/USER/DRAM_vitis_hls/DMA_SG_REMOVED/hw
TRACE::2022-10-25.21:12:39::SCWPlatform:: Platform Path C:/Users/USER/DRAM_vitis_hls/DMA_SG_REMOVED/hw/DMA_SG_REMOVED.xsa
TRACE::2022-10-25.21:12:39::SCWPlatform:: Unique name xilinx:nexys_video::0.0
TRACE::2022-10-25.21:12:39::SCWPlatform::Trying to set the existing hwdb with name design_1_wrapper_40
TRACE::2022-10-25.21:12:39::SCWPlatform::Opened existing hwdb design_1_wrapper_40
TRACE::2022-10-25.21:12:39::SCWPlatform::Found the Hw Db part of the input DSA
TRACE::2022-10-25.21:12:39::SCWMssOS::Checking the sw design at  C:/Users/USER/DRAM_vitis_hls/DMA_SG_REMOVED/microblaze_0/standalone_microblaze_0/bsp/system.mss
TRACE::2022-10-25.21:12:39::SCWMssOS::DEBUG:  swdes dump  C:/Users/USER/DRAM_vitis_hls/DMA_SG_REMOVED/microblaze_0/standalone_microblaze_0/bsp/system.mss|system||

TRACE::2022-10-25.21:12:39::SCWMssOS::Sw design exists and opened at  C:/Users/USER/DRAM_vitis_hls/DMA_SG_REMOVED/microblaze_0/standalone_microblaze_0/bsp/system.mss
TRACE::2022-10-25.21:12:39::SCWPlatform::Trying to open the hw design at C:/Users/USER/DRAM_vitis_hls/DMA_SG_REMOVED/hw/DMA_SG_REMOVED.xsa
TRACE::2022-10-25.21:12:39::SCWPlatform::DSA given C:/Users/USER/DRAM_vitis_hls/DMA_SG_REMOVED/hw/DMA_SG_REMOVED.xsa
TRACE::2022-10-25.21:12:39::SCWPlatform::DSA absoulate path C:/Users/USER/DRAM_vitis_hls/DMA_SG_REMOVED/hw/DMA_SG_REMOVED.xsa
TRACE::2022-10-25.21:12:39::SCWPlatform::DSA directory C:/Users/USER/DRAM_vitis_hls/DMA_SG_REMOVED/hw
TRACE::2022-10-25.21:12:39::SCWPlatform:: Platform Path C:/Users/USER/DRAM_vitis_hls/DMA_SG_REMOVED/hw/DMA_SG_REMOVED.xsa
TRACE::2022-10-25.21:12:39::SCWPlatform:: Unique name xilinx:nexys_video::0.0
TRACE::2022-10-25.21:12:39::SCWPlatform::Trying to set the existing hwdb with name design_1_wrapper_40
TRACE::2022-10-25.21:12:39::SCWPlatform::Opened existing hwdb design_1_wrapper_40
TRACE::2022-10-25.21:12:39::SCWPlatform::Found the Hw Db part of the input DSA
TRACE::2022-10-25.21:12:39::SCWMssOS::Checking the sw design at  C:/Users/USER/DRAM_vitis_hls/DMA_SG_REMOVED/microblaze_0/standalone_microblaze_0/bsp/system.mss
TRACE::2022-10-25.21:12:39::SCWMssOS::DEBUG:  swdes dump  C:/Users/USER/DRAM_vitis_hls/DMA_SG_REMOVED/microblaze_0/standalone_microblaze_0/bsp/system.mss|system||

TRACE::2022-10-25.21:12:39::SCWMssOS::Sw design exists and opened at  C:/Users/USER/DRAM_vitis_hls/DMA_SG_REMOVED/microblaze_0/standalone_microblaze_0/bsp/system.mss
TRACE::2022-10-25.21:12:39::SCWPlatform::Trying to open the hw design at C:/Users/USER/DRAM_vitis_hls/DMA_SG_REMOVED/hw/DMA_SG_REMOVED.xsa
TRACE::2022-10-25.21:12:39::SCWPlatform::DSA given C:/Users/USER/DRAM_vitis_hls/DMA_SG_REMOVED/hw/DMA_SG_REMOVED.xsa
TRACE::2022-10-25.21:12:39::SCWPlatform::DSA absoulate path C:/Users/USER/DRAM_vitis_hls/DMA_SG_REMOVED/hw/DMA_SG_REMOVED.xsa
TRACE::2022-10-25.21:12:39::SCWPlatform::DSA directory C:/Users/USER/DRAM_vitis_hls/DMA_SG_REMOVED/hw
TRACE::2022-10-25.21:12:39::SCWPlatform:: Platform Path C:/Users/USER/DRAM_vitis_hls/DMA_SG_REMOVED/hw/DMA_SG_REMOVED.xsa
TRACE::2022-10-25.21:12:39::SCWPlatform:: Unique name xilinx:nexys_video::0.0
TRACE::2022-10-25.21:12:39::SCWPlatform::Trying to set the existing hwdb with name design_1_wrapper_40
TRACE::2022-10-25.21:12:39::SCWPlatform::Opened existing hwdb design_1_wrapper_40
TRACE::2022-10-25.21:12:39::SCWPlatform::Found the Hw Db part of the input DSA
TRACE::2022-10-25.21:12:39::SCWMssOS::Checking the sw design at  C:/Users/USER/DRAM_vitis_hls/DMA_SG_REMOVED/microblaze_0/standalone_microblaze_0/bsp/system.mss
TRACE::2022-10-25.21:12:39::SCWMssOS::DEBUG:  swdes dump  C:/Users/USER/DRAM_vitis_hls/DMA_SG_REMOVED/microblaze_0/standalone_microblaze_0/bsp/system.mss|system||

TRACE::2022-10-25.21:12:39::SCWMssOS::Sw design exists and opened at  C:/Users/USER/DRAM_vitis_hls/DMA_SG_REMOVED/microblaze_0/standalone_microblaze_0/bsp/system.mss
TRACE::2022-10-25.21:12:39::SCWWriter::formatted JSON is {
	"platformName":	"DMA_SG_REMOVED",
	"sprVersion":	"2.0",
	"mode":	"gui",
	"dsaType":	"Fixed",
	"platformDesc":	"DMA_SG_REMOVED",
	"platHandOff":	"C:/Users/USER/Downloads/nexys_big_mem_baud/DMA_SG_REMOVED.xsa",
	"platIntHandOff":	"<platformDir>/hw/DMA_SG_REMOVED.xsa",
	"deviceType":	"FPGA",
	"platIsPrebuiltAutogen":	"false",
	"platIsNoBootBsp":	"false",
	"hasFsblMakeHasChanges":	"false",
	"hasPmufwMakeHasChanges":	"false",
	"platPreBuiltFlag":	false,
	"platformSamplesDir":	"",
	"platActiveSys":	"DMA_SG_REMOVED",
	"systems":	[{
			"systemName":	"DMA_SG_REMOVED",
			"systemDesc":	"DMA_SG_REMOVED",
			"sysIsBootAutoGen":	"true",
			"systemDispName":	"DMA_SG_REMOVED",
			"sysActiveDom":	"standalone_microblaze_0",
			"sysDefaultDom":	"standalone_microblaze_0",
			"domains":	[{
					"domainName":	"standalone_microblaze_0",
					"domainDispName":	"standalone_microblaze_0",
					"domainDesc":	"standalone_microblaze_0",
					"processors":	"microblaze_0",
					"os":	"standalone",
					"sdxOs":	"standalone",
					"debugEnable":	"False",
					"domRuntimes":	["cpp"],
					"swRepo":	"",
					"mssOsVer":	"7.5",
					"mssFile":	"",
					"md5Digest":	"6d881196522c5fa3d26911c3a8f7b8e6",
					"compatibleApp":	"empty_application",
					"domType":	"mssDomain",
					"arch":	"32-bit",
					"appSettings":	{
						"appCompilerFlags":	"",
						"appLinkerFlags":	""
					},
					"addedLibs":	[],
					"libOptions":	{
						"libsContainingOptions":	[]
					},
					"prebuiltLibs":	{
						"prebuiltIncPath":	[],
						"prebuiltLibPath":	[]
					},
					"isolation":	{
					}
				}]
		}]
}
KEYINFO::2022-10-25.21:12:39::SCWPlatform::updated the xpfm file.
LOG::2022-10-25.21:13:08::SCWPlatform::Started generating the artifacts platform DMA_SG_REMOVED
TRACE::2022-10-25.21:13:08::SCWPlatform::Sanity checking of platform is completed
LOG::2022-10-25.21:13:08::SCWPlatform::Started generating the artifacts for system configuration DMA_SG_REMOVED
LOG::2022-10-25.21:13:08::SCWSystem::Checking the domain standalone_microblaze_0
LOG::2022-10-25.21:13:08::SCWSystem::Not a boot domain 
LOG::2022-10-25.21:13:08::SCWSystem::Started Processing the domain standalone_microblaze_0
TRACE::2022-10-25.21:13:08::SCWDomain::Generating domain artifcats
TRACE::2022-10-25.21:13:08::SCWMssOS::Generating standalone artifcats
TRACE::2022-10-25.21:13:08::SCWMssOS:: Copying the user libraries. 
TRACE::2022-10-25.21:13:08::SCWPlatform::Trying to open the hw design at C:/Users/USER/DRAM_vitis_hls/DMA_SG_REMOVED/hw/DMA_SG_REMOVED.xsa
TRACE::2022-10-25.21:13:08::SCWPlatform::DSA given C:/Users/USER/DRAM_vitis_hls/DMA_SG_REMOVED/hw/DMA_SG_REMOVED.xsa
TRACE::2022-10-25.21:13:08::SCWPlatform::DSA absoulate path C:/Users/USER/DRAM_vitis_hls/DMA_SG_REMOVED/hw/DMA_SG_REMOVED.xsa
TRACE::2022-10-25.21:13:08::SCWPlatform::DSA directory C:/Users/USER/DRAM_vitis_hls/DMA_SG_REMOVED/hw
TRACE::2022-10-25.21:13:08::SCWPlatform:: Platform Path C:/Users/USER/DRAM_vitis_hls/DMA_SG_REMOVED/hw/DMA_SG_REMOVED.xsa
TRACE::2022-10-25.21:13:08::SCWPlatform:: Unique name xilinx:nexys_video::0.0
TRACE::2022-10-25.21:13:08::SCWPlatform::Trying to set the existing hwdb with name design_1_wrapper_40
TRACE::2022-10-25.21:13:08::SCWPlatform::Opened existing hwdb design_1_wrapper_40
TRACE::2022-10-25.21:13:08::SCWPlatform::Found the Hw Db part of the input DSA
TRACE::2022-10-25.21:13:08::SCWMssOS::Checking the sw design at  C:/Users/USER/DRAM_vitis_hls/DMA_SG_REMOVED/microblaze_0/standalone_microblaze_0/bsp/system.mss
TRACE::2022-10-25.21:13:08::SCWMssOS::DEBUG:  swdes dump  C:/Users/USER/DRAM_vitis_hls/DMA_SG_REMOVED/microblaze_0/standalone_microblaze_0/bsp/system.mss|system||

TRACE::2022-10-25.21:13:08::SCWMssOS::Sw design exists and opened at  C:/Users/USER/DRAM_vitis_hls/DMA_SG_REMOVED/microblaze_0/standalone_microblaze_0/bsp/system.mss
TRACE::2022-10-25.21:13:08::SCWMssOS::Completed writing the mss file at C:/Users/USER/DRAM_vitis_hls/DMA_SG_REMOVED/microblaze_0/standalone_microblaze_0/bsp
TRACE::2022-10-25.21:13:08::SCWMssOS::Mss edits present, copying mssfile into export location C:/Users/USER/DRAM_vitis_hls/DMA_SG_REMOVED/microblaze_0/standalone_microblaze_0/bsp/system.mss
TRACE::2022-10-25.21:13:08::SCWMssOS::bsp generated is upto date with the mss file. Skipping bsp generation.
TRACE::2022-10-25.21:13:08::SCWMssOS::BSP is already built. skipping the bsp build ... 
TRACE::2022-10-25.21:13:08::SCWDomain::Building the domain as part of full build :  standalone_microblaze_0
TRACE::2022-10-25.21:13:08::SCWMssOS::doing bsp build ... 
TRACE::2022-10-25.21:13:08::SCWMssOS::System Command Ran  C: & cd  C:/Users/USER/DRAM_vitis_hls/DMA_SG_REMOVED/microblaze_0/standalone_microblaze_0/bsp & make 
TRACE::2022-10-25.21:13:08::SCWMssOS::make --no-print-directory seq_libs

TRACE::2022-10-25.21:13:08::SCWMssOS::"Running Make include in microblaze_0/libsrc/axidma_v9_13/src"

TRACE::2022-10-25.21:13:08::SCWMssOS::make -C microblaze_0/libsrc/axidma_v9_13/src -s include  "SHELL=CMD" "COMPILER=mb-gcc" "ASSEMBLER=mb-as" "ARCHIVER=mb-ar" "COMP
TRACE::2022-10-25.21:13:08::SCWMssOS::ILER_FLAGS=  -O2 -c -mcpu=v11.0 -mlittle-endian -mno-xl-reorder -mno-xl-soft-mul -mxl-barrel-shift -mxl-pattern-compare" "EXTRA
TRACE::2022-10-25.21:13:08::SCWMssOS::_COMPILER_FLAGS=-g -ffunction-sections -fdata-sections -Wall -Wextra -fno-tree-loop-distribute-patterns"

TRACE::2022-10-25.21:13:08::SCWMssOS::"Running Make include in microblaze_0/libsrc/bram_v4_6/src"

TRACE::2022-10-25.21:13:08::SCWMssOS::make -C microblaze_0/libsrc/bram_v4_6/src -s include  "SHELL=CMD" "COMPILER=mb-gcc" "ASSEMBLER=mb-as" "ARCHIVER=mb-ar" "COMPILE
TRACE::2022-10-25.21:13:08::SCWMssOS::R_FLAGS=  -O2 -c -mcpu=v11.0 -mlittle-endian -mno-xl-reorder -mno-xl-soft-mul -mxl-barrel-shift -mxl-pattern-compare" "EXTRA_CO
TRACE::2022-10-25.21:13:08::SCWMssOS::MPILER_FLAGS=-g -ffunction-sections -fdata-sections -Wall -Wextra -fno-tree-loop-distribute-patterns"

TRACE::2022-10-25.21:13:08::SCWMssOS::"Running Make include in microblaze_0/libsrc/cpu_v2_13/src"

TRACE::2022-10-25.21:13:08::SCWMssOS::make -C microblaze_0/libsrc/cpu_v2_13/src -s include  "SHELL=CMD" "COMPILER=mb-gcc" "ASSEMBLER=mb-as" "ARCHIVER=mb-ar" "COMPILE
TRACE::2022-10-25.21:13:08::SCWMssOS::R_FLAGS=  -O2 -c -mcpu=v11.0 -mlittle-endian -mno-xl-reorder -mno-xl-soft-mul -mxl-barrel-shift -mxl-pattern-compare" "EXTRA_CO
TRACE::2022-10-25.21:13:08::SCWMssOS::MPILER_FLAGS=-g -ffunction-sections -fdata-sections -Wall -Wextra -fno-tree-loop-distribute-patterns"

TRACE::2022-10-25.21:13:08::SCWMssOS::"Running Make include in microblaze_0/libsrc/example_v1_0/src"

TRACE::2022-10-25.21:13:08::SCWMssOS::make -C microblaze_0/libsrc/example_v1_0/src -s include  "SHELL=CMD" "COMPILER=mb-gcc" "ASSEMBLER=mb-as" "ARCHIVER=mb-ar" "COMP
TRACE::2022-10-25.21:13:08::SCWMssOS::ILER_FLAGS=  -O2 -c -mcpu=v11.0 -mlittle-endian -mno-xl-reorder -mno-xl-soft-mul -mxl-barrel-shift -mxl-pattern-compare" "EXTRA
TRACE::2022-10-25.21:13:08::SCWMssOS::_COMPILER_FLAGS=-g -ffunction-sections -fdata-sections -Wall -Wextra -fno-tree-loop-distribute-patterns"

TRACE::2022-10-25.21:13:08::SCWMssOS::"Running Make include in microblaze_0/libsrc/standalone_v7_5/src"

TRACE::2022-10-25.21:13:08::SCWMssOS::make -C microblaze_0/libsrc/standalone_v7_5/src -s include  "SHELL=CMD" "COMPILER=mb-gcc" "ASSEMBLER=mb-as" "ARCHIVER=mb-ar" "C
TRACE::2022-10-25.21:13:08::SCWMssOS::OMPILER_FLAGS=  -O2 -c -mcpu=v11.0 -mlittle-endian -mno-xl-reorder -mno-xl-soft-mul -mxl-barrel-shift -mxl-pattern-compare" "EX
TRACE::2022-10-25.21:13:08::SCWMssOS::TRA_COMPILER_FLAGS=-g -ffunction-sections -fdata-sections -Wall -Wextra -fno-tree-loop-distribute-patterns"

TRACE::2022-10-25.21:13:09::SCWMssOS::"Running Make include in microblaze_0/libsrc/uartlite_v3_6/src"

TRACE::2022-10-25.21:13:09::SCWMssOS::make -C microblaze_0/libsrc/uartlite_v3_6/src -s include  "SHELL=CMD" "COMPILER=mb-gcc" "ASSEMBLER=mb-as" "ARCHIVER=mb-ar" "COM
TRACE::2022-10-25.21:13:09::SCWMssOS::PILER_FLAGS=  -O2 -c -mcpu=v11.0 -mlittle-endian -mno-xl-reorder -mno-xl-soft-mul -mxl-barrel-shift -mxl-pattern-compare" "EXTR
TRACE::2022-10-25.21:13:09::SCWMssOS::A_COMPILER_FLAGS=-g -ffunction-sections -fdata-sections -Wall -Wextra -fno-tree-loop-distribute-patterns"

TRACE::2022-10-25.21:13:09::SCWMssOS::"Running Make libs in microblaze_0/libsrc/example_v1_0/src"

TRACE::2022-10-25.21:13:09::SCWMssOS::make -C microblaze_0/libsrc/example_v1_0/src -s libs  "SHELL=CMD" "COMPILER=mb-gcc" "ASSEMBLER=mb-as" "ARCHIVER=mb-ar" "COMPILE
TRACE::2022-10-25.21:13:09::SCWMssOS::R_FLAGS=  -O2 -c -mcpu=v11.0 -mlittle-endian -mno-xl-reorder -mno-xl-soft-mul -mxl-barrel-shift -mxl-pattern-compare" "EXTRA_CO
TRACE::2022-10-25.21:13:09::SCWMssOS::MPILER_FLAGS=-g -ffunction-sections -fdata-sections -Wall -Wextra -fno-tree-loop-distribute-patterns"

TRACE::2022-10-25.21:13:09::SCWMssOS::"Building example"

TRACE::2022-10-25.21:13:09::SCWMssOS::'Finished building libraries sequentially.'

TRACE::2022-10-25.21:13:09::SCWMssOS::make -j 14 --no-print-directory par_libs

TRACE::2022-10-25.21:13:09::SCWMssOS::"Running Make include in microblaze_0/libsrc/axidma_v9_13/src"

TRACE::2022-10-25.21:13:09::SCWMssOS::make -C microblaze_0/libsrc/axidma_v9_13/src -s include  "SHELL=CMD" "COMPILER=mb-gcc" "ASSEMBLER=mb-as" "ARCHIVER=mb-ar" "COMP
TRACE::2022-10-25.21:13:09::SCWMssOS::ILER_FLAGS=  -O2 -c -mcpu=v11.0 -mlittle-endian -mno-xl-reorder -mno-xl-soft-mul -mxl-barrel-shift -mxl-pattern-compare" "EXTRA
TRACE::2022-10-25.21:13:09::SCWMssOS::_COMPILER_FLAGS=-g -ffunction-sections -fdata-sections -Wall -Wextra -fno-tree-loop-distribute-patterns"

TRACE::2022-10-25.21:13:09::SCWMssOS::"Running Make include in microblaze_0/libsrc/bram_v4_6/src"

TRACE::2022-10-25.21:13:09::SCWMssOS::make -C microblaze_0/libsrc/bram_v4_6/src -s include  "SHELL=CMD" "COMPILER=mb-gcc" "ASSEMBLER=mb-as" "ARCHIVER=mb-ar" "COMPILE
TRACE::2022-10-25.21:13:09::SCWMssOS::R_FLAGS=  -O2 -c -mcpu=v11.0 -mlittle-endian -mno-xl-reorder -mno-xl-soft-mul -mxl-barrel-shift -mxl-pattern-compare" "EXTRA_CO
TRACE::2022-10-25.21:13:09::SCWMssOS::MPILER_FLAGS=-g -ffunction-sections -fdata-sections -Wall -Wextra -fno-tree-loop-distribute-patterns"

TRACE::2022-10-25.21:13:09::SCWMssOS::"Running Make include in microblaze_0/libsrc/cpu_v2_13/src"

TRACE::2022-10-25.21:13:09::SCWMssOS::make -C microblaze_0/libsrc/cpu_v2_13/src -s include  "SHELL=CMD" "COMPILER=mb-gcc" "ASSEMBLER=mb-as" "ARCHIVER=mb-ar" "COMPILE
TRACE::2022-10-25.21:13:09::SCWMssOS::R_FLAGS=  -O2 -c -mcpu=v11.0 -mlittle-endian -mno-xl-reorder -mno-xl-soft-mul -mxl-barrel-shift -mxl-pattern-compare" "EXTRA_CO
TRACE::2022-10-25.21:13:09::SCWMssOS::MPILER_FLAGS=-g -ffunction-sections -fdata-sections -Wall -Wextra -fno-tree-loop-distribute-patterns"

TRACE::2022-10-25.21:13:09::SCWMssOS::"Running Make include in microblaze_0/libsrc/example_v1_0/src"

TRACE::2022-10-25.21:13:09::SCWMssOS::make -C microblaze_0/libsrc/example_v1_0/src -s include  "SHELL=CMD" "COMPILER=mb-gcc" "ASSEMBLER=mb-as" "ARCHIVER=mb-ar" "COMP
TRACE::2022-10-25.21:13:09::SCWMssOS::ILER_FLAGS=  -O2 -c -mcpu=v11.0 -mlittle-endian -mno-xl-reorder -mno-xl-soft-mul -mxl-barrel-shift -mxl-pattern-compare" "EXTRA
TRACE::2022-10-25.21:13:09::SCWMssOS::_COMPILER_FLAGS=-g -ffunction-sections -fdata-sections -Wall -Wextra -fno-tree-loop-distribute-patterns"

TRACE::2022-10-25.21:13:09::SCWMssOS::"Running Make include in microblaze_0/libsrc/standalone_v7_5/src"

TRACE::2022-10-25.21:13:09::SCWMssOS::make -C microblaze_0/libsrc/standalone_v7_5/src -s include  "SHELL=CMD" "COMPILER=mb-gcc" "ASSEMBLER=mb-as" "ARCHIVER=mb-ar" "C
TRACE::2022-10-25.21:13:09::SCWMssOS::OMPILER_FLAGS=  -O2 -c -mcpu=v11.0 -mlittle-endian -mno-xl-reorder -mno-xl-soft-mul -mxl-barrel-shift -mxl-pattern-compare" "EX
TRACE::2022-10-25.21:13:09::SCWMssOS::TRA_COMPILER_FLAGS=-g -ffunction-sections -fdata-sections -Wall -Wextra -fno-tree-loop-distribute-patterns"

TRACE::2022-10-25.21:13:09::SCWMssOS::"Running Make include in microblaze_0/libsrc/uartlite_v3_6/src"

TRACE::2022-10-25.21:13:09::SCWMssOS::make -C microblaze_0/libsrc/uartlite_v3_6/src -s include  "SHELL=CMD" "COMPILER=mb-gcc" "ASSEMBLER=mb-as" "ARCHIVER=mb-ar" "COM
TRACE::2022-10-25.21:13:09::SCWMssOS::PILER_FLAGS=  -O2 -c -mcpu=v11.0 -mlittle-endian -mno-xl-reorder -mno-xl-soft-mul -mxl-barrel-shift -mxl-pattern-compare" "EXTR
TRACE::2022-10-25.21:13:09::SCWMssOS::A_COMPILER_FLAGS=-g -ffunction-sections -fdata-sections -Wall -Wextra -fno-tree-loop-distribute-patterns"

TRACE::2022-10-25.21:13:09::SCWMssOS::"Running Make libs in microblaze_0/libsrc/axidma_v9_13/src"

TRACE::2022-10-25.21:13:09::SCWMssOS::"Running Make libs in microblaze_0/libsrc/bram_v4_6/src"

TRACE::2022-10-25.21:13:09::SCWMssOS::make -C microblaze_0/libsrc/axidma_v9_13/src -s libs  "SHELL=CMD" "COMPILER=mb-gcc" "ASSEMBLER=mb-as" "ARCHIVER=mb-ar" "COMPILE
TRACE::2022-10-25.21:13:09::SCWMssOS::R_FLAGS=  -O2 -c -mcpu=v11.0 -mlittle-endian -mno-xl-reorder -mno-xl-soft-mul -mxl-barrel-shift -mxl-pattern-compare" "EXTRA_CO
TRACE::2022-10-25.21:13:09::SCWMssOS::MPILER_FLAGS=-g -ffunction-sections -fdata-sections -Wall -Wextra -fno-tree-loop-distribute-patterns"

TRACE::2022-10-25.21:13:09::SCWMssOS::make -C microblaze_0/libsrc/bram_v4_6/src -s libs  "SHELL=CMD" "COMPILER=mb-gcc" "ASSEMBLER=mb-as" "ARCHIVER=mb-ar" "COMPILER_F
TRACE::2022-10-25.21:13:09::SCWMssOS::LAGS=  -O2 -c -mcpu=v11.0 -mlittle-endian -mno-xl-reorder -mno-xl-soft-mul -mxl-barrel-shift -mxl-pattern-compare" "EXTRA_COMPI
TRACE::2022-10-25.21:13:09::SCWMssOS::LER_FLAGS=-g -ffunction-sections -fdata-sections -Wall -Wextra -fno-tree-loop-distribute-patterns"

TRACE::2022-10-25.21:13:09::SCWMssOS::"Running Make libs in microblaze_0/libsrc/cpu_v2_13/src"

TRACE::2022-10-25.21:13:09::SCWMssOS::"Running Make libs in microblaze_0/libsrc/standalone_v7_5/src"

TRACE::2022-10-25.21:13:10::SCWMssOS::make -C microblaze_0/libsrc/cpu_v2_13/src -s libs  "SHELL=CMD" "COMPILER=mb-gcc" "ASSEMBLER=mb-as" "ARCHIVER=mb-ar" "COMPILER_F
TRACE::2022-10-25.21:13:10::SCWMssOS::LAGS=  -O2 -c -mcpu=v11.0 -mlittle-endian -mno-xl-reorder -mno-xl-soft-mul -mxl-barrel-shift -mxl-pattern-compare" "EXTRA_COMPI
TRACE::2022-10-25.21:13:10::SCWMssOS::LER_FLAGS=-g -ffunction-sections -fdata-sections -Wall -Wextra -fno-tree-loop-distribute-patterns"

TRACE::2022-10-25.21:13:10::SCWMssOS::make -C microblaze_0/libsrc/standalone_v7_5/src -s libs  "SHELL=CMD" "COMPILER=mb-gcc" "ASSEMBLER=mb-as" "ARCHIVER=mb-ar" "COMP
TRACE::2022-10-25.21:13:10::SCWMssOS::ILER_FLAGS=  -O2 -c -mcpu=v11.0 -mlittle-endian -mno-xl-reorder -mno-xl-soft-mul -mxl-barrel-shift -mxl-pattern-compare" "EXTRA
TRACE::2022-10-25.21:13:10::SCWMssOS::_COMPILER_FLAGS=-g -ffunction-sections -fdata-sections -Wall -Wextra -fno-tree-loop-distribute-patterns"

TRACE::2022-10-25.21:13:10::SCWMssOS::"Running Make libs in microblaze_0/libsrc/uartlite_v3_6/src"

TRACE::2022-10-25.21:13:10::SCWMssOS::make -C microblaze_0/libsrc/uartlite_v3_6/src -s libs  "SHELL=CMD" "COMPILER=mb-gcc" "ASSEMBLER=mb-as" "ARCHIVER=mb-ar" "COMPIL
TRACE::2022-10-25.21:13:10::SCWMssOS::ER_FLAGS=  -O2 -c -mcpu=v11.0 -mlittle-endian -mno-xl-reorder -mno-xl-soft-mul -mxl-barrel-shift -mxl-pattern-compare" "EXTRA_C
TRACE::2022-10-25.21:13:10::SCWMssOS::OMPILER_FLAGS=-g -ffunction-sections -fdata-sections -Wall -Wextra -fno-tree-loop-distribute-patterns"

TRACE::2022-10-25.21:13:10::SCWMssOS::"DEBUG NON_LTO_OBJECTS is ../../../lib/microblaze_interrupt_handler.o"

TRACE::2022-10-25.21:13:10::SCWMssOS::'Finished building libraries parallelly.'

TRACE::2022-10-25.21:13:10::SCWMssOS::make --no-print-directory archive

TRACE::2022-10-25.21:13:10::SCWMssOS::mb-ar -r  microblaze_0/lib/libxil.a microblaze_0/lib/xplatform_info.o microblaze_0/lib/xuartlite.o microblaze_0/lib/microblaze_
TRACE::2022-10-25.21:13:10::SCWMssOS::disable_exceptions.o microblaze_0/lib/print.o microblaze_0/lib/_exit.o microblaze_0/lib/xil_testio.o microblaze_0/lib/microblaz
TRACE::2022-10-25.21:13:10::SCWMssOS::e_disable_dcache.o microblaze_0/lib/xexample_sinit.o microblaze_0/lib/microblaze_flush_dcache_range.o microblaze_0/lib/microbla
TRACE::2022-10-25.21:13:10::SCWMssOS::ze_flush_cache_ext.o microblaze_0/lib/xbram_sinit.o microblaze_0/lib/xil_misc_psreset_api.o microblaze_0/lib/xil_cache.o microb
TRACE::2022-10-25.21:13:10::SCWMssOS::laze_0/lib/xil_util.o microblaze_0/lib/inbyte.o microblaze_0/lib/xbram_g.o microblaze_0/lib/microblaze_exception_handler.o micr
TRACE::2022-10-25.21:13:10::SCWMssOS::oblaze_0/lib/microblaze_scrub.o microblaze_0/lib/microblaze_invalidate_dcache.o microblaze_0/lib/microblaze_disable_interrupts.
TRACE::2022-10-25.21:13:10::SCWMssOS::o microblaze_0/lib/xbram_selftest.o microblaze_0/lib/microblaze_interrupt_handler.o microblaze_0/lib/microblaze_disable_icache.
TRACE::2022-10-25.21:13:10::SCWMssOS::o microblaze_0/lib/xaxidma_sinit.o microblaze_0/lib/xaxidma_selftest.o microblaze_0/lib/xil_mem.o microblaze_0/lib/xuartlite_in
TRACE::2022-10-25.21:13:10::SCWMssOS::tr.o microblaze_0/lib/microblaze_flush_cache_ext_range.o microblaze_0/lib/xaxidma_bd.o microblaze_0/lib/xbram_intr.o microblaze
TRACE::2022-10-25.21:13:10::SCWMssOS::_0/lib/xil_sleepcommon.o microblaze_0/lib/xil_printf.o microblaze_0/lib/xio.o microblaze_0/lib/outbyte.o microblaze_0/lib/micro
TRACE::2022-10-25.21:13:10::SCWMssOS::blaze_invalidate_dcache_range.o microblaze_0/lib/xuartlite_g.o microblaze_0/lib/microblaze_invalidate_cache_ext.o microblaze_0/
TRACE::2022-10-25.21:13:10::SCWMssOS::lib/microblaze_sleep.o microblaze_0/lib/hw_exception_handler.o microblaze_0/lib/xexample_linux.o microblaze_0/lib/xuartlite_sel
TRACE::2022-10-25.21:13:10::SCWMssOS::ftest.o microblaze_0/lib/xexample.o microblaze_0/lib/microblaze_update_dcache.o microblaze_0/lib/xaxidma_g.o microblaze_0/lib/x
TRACE::2022-10-25.21:13:10::SCWMssOS::il_testcache.o microblaze_0/lib/microblaze_selftest.o microblaze_0/lib/microblaze_interrupts_g.o microblaze_0/lib/microblaze_en
TRACE::2022-10-25.21:13:10::SCWMssOS::able_exceptions.o microblaze_0/lib/microblaze_enable_dcache.o microblaze_0/lib/xbram.o microblaze_0/lib/microblaze_invalidate_i
TRACE::2022-10-25.21:13:10::SCWMssOS::cache_range.o microblaze_0/lib/xuartlite_sinit.o microblaze_0/lib/microblaze_init_dcache_range.o microblaze_0/lib/microblaze_in
TRACE::2022-10-25.21:13:10::SCWMssOS::validate_icache.o microblaze_0/lib/xaxidma.o microblaze_0/lib/errno.o microblaze_0/lib/xexample_g.o microblaze_0/lib/xuartlite_
TRACE::2022-10-25.21:13:10::SCWMssOS::stats.o microblaze_0/lib/microblaze_invalidate_cache_ext_range.o microblaze_0/lib/xil_exception.o microblaze_0/lib/pvr.o microb
TRACE::2022-10-25.21:13:10::SCWMssOS::laze_0/lib/xil_testmem.o microblaze_0/lib/microblaze_update_icache.o microblaze_0/lib/microblaze_flush_dcache.o microblaze_0/li
TRACE::2022-10-25.21:13:10::SCWMssOS::b/xil_clocking.o microblaze_0/lib/xil_assert.o microblaze_0/lib/microblaze_enable_interrupts.o microblaze_0/lib/microblaze_enab
TRACE::2022-10-25.21:13:10::SCWMssOS::le_icache.o microblaze_0/lib/xaxidma_bdring.o microblaze_0/lib/xuartlite_l.o microblaze_0/lib/fcntl.o microblaze_0/lib/microbla
TRACE::2022-10-25.21:13:10::SCWMssOS::ze_init_icache_range.o

TRACE::2022-10-25.21:13:10::SCWMssOS::'Finished building libraries'

TRACE::2022-10-25.21:13:10::SCWMssOS::Copying to export directory.
TRACE::2022-10-25.21:13:11::SCWMssOS:: Checking if to create the Supporting Applications
TRACE::2022-10-25.21:13:11::SCWMssOS:: No Linux domain exists, trying to generate FSBL 
LOG::2022-10-25.21:13:11::SCWSystem::Completed Processing the domain standalone_microblaze_0
LOG::2022-10-25.21:13:11::SCWSystem::Completed Processing the sysconfig DMA_SG_REMOVED
LOG::2022-10-25.21:13:11::SCWPlatform::Completed generating the artifacts for system configuration DMA_SG_REMOVED
TRACE::2022-10-25.21:13:11::SCWPlatform::Started preparing the platform 
TRACE::2022-10-25.21:13:11::SCWSystem::Writing the bif file for system config DMA_SG_REMOVED
TRACE::2022-10-25.21:13:11::SCWSystem::dir created 
TRACE::2022-10-25.21:13:11::SCWSystem::Writing the bif 
TRACE::2022-10-25.21:13:11::SCWPlatform::Started writing the spfm file 
TRACE::2022-10-25.21:13:11::SCWPlatform::Started writing the xpfm file 
TRACE::2022-10-25.21:13:11::SCWPlatform::Completed generating the platform
TRACE::2022-10-25.21:13:11::SCWMssOS::Saving the mss changes C:/Users/USER/DRAM_vitis_hls/DMA_SG_REMOVED/microblaze_0/standalone_microblaze_0/bsp/system.mss
TRACE::2022-10-25.21:13:11::SCWMssOS::Found a swdesign opened with the mssfile.
TRACE::2022-10-25.21:13:11::SCWMssOS::Completed writemss as part of save.
TRACE::2022-10-25.21:13:11::SCWMssOS::Commit changes completed.
TRACE::2022-10-25.21:13:11::SCWPlatform::Trying to open the hw design at C:/Users/USER/DRAM_vitis_hls/DMA_SG_REMOVED/hw/DMA_SG_REMOVED.xsa
TRACE::2022-10-25.21:13:11::SCWPlatform::DSA given C:/Users/USER/DRAM_vitis_hls/DMA_SG_REMOVED/hw/DMA_SG_REMOVED.xsa
TRACE::2022-10-25.21:13:11::SCWPlatform::DSA absoulate path C:/Users/USER/DRAM_vitis_hls/DMA_SG_REMOVED/hw/DMA_SG_REMOVED.xsa
TRACE::2022-10-25.21:13:11::SCWPlatform::DSA directory C:/Users/USER/DRAM_vitis_hls/DMA_SG_REMOVED/hw
TRACE::2022-10-25.21:13:11::SCWPlatform:: Platform Path C:/Users/USER/DRAM_vitis_hls/DMA_SG_REMOVED/hw/DMA_SG_REMOVED.xsa
TRACE::2022-10-25.21:13:11::SCWPlatform:: Unique name xilinx:nexys_video::0.0
TRACE::2022-10-25.21:13:11::SCWPlatform::Trying to set the existing hwdb with name design_1_wrapper_40
TRACE::2022-10-25.21:13:11::SCWPlatform::Opened existing hwdb design_1_wrapper_40
TRACE::2022-10-25.21:13:11::SCWPlatform::Found the Hw Db part of the input DSA
TRACE::2022-10-25.21:13:11::SCWMssOS::Checking the sw design at  C:/Users/USER/DRAM_vitis_hls/DMA_SG_REMOVED/microblaze_0/standalone_microblaze_0/bsp/system.mss
TRACE::2022-10-25.21:13:11::SCWMssOS::DEBUG:  swdes dump  C:/Users/USER/DRAM_vitis_hls/DMA_SG_REMOVED/microblaze_0/standalone_microblaze_0/bsp/system.mss|system||

TRACE::2022-10-25.21:13:11::SCWMssOS::Sw design exists and opened at  C:/Users/USER/DRAM_vitis_hls/DMA_SG_REMOVED/microblaze_0/standalone_microblaze_0/bsp/system.mss
TRACE::2022-10-25.21:13:11::SCWPlatform::Trying to open the hw design at C:/Users/USER/DRAM_vitis_hls/DMA_SG_REMOVED/hw/DMA_SG_REMOVED.xsa
TRACE::2022-10-25.21:13:11::SCWPlatform::DSA given C:/Users/USER/DRAM_vitis_hls/DMA_SG_REMOVED/hw/DMA_SG_REMOVED.xsa
TRACE::2022-10-25.21:13:11::SCWPlatform::DSA absoulate path C:/Users/USER/DRAM_vitis_hls/DMA_SG_REMOVED/hw/DMA_SG_REMOVED.xsa
TRACE::2022-10-25.21:13:11::SCWPlatform::DSA directory C:/Users/USER/DRAM_vitis_hls/DMA_SG_REMOVED/hw
TRACE::2022-10-25.21:13:11::SCWPlatform:: Platform Path C:/Users/USER/DRAM_vitis_hls/DMA_SG_REMOVED/hw/DMA_SG_REMOVED.xsa
TRACE::2022-10-25.21:13:11::SCWPlatform:: Unique name xilinx:nexys_video::0.0
TRACE::2022-10-25.21:13:11::SCWPlatform::Trying to set the existing hwdb with name design_1_wrapper_40
TRACE::2022-10-25.21:13:11::SCWPlatform::Opened existing hwdb design_1_wrapper_40
TRACE::2022-10-25.21:13:11::SCWPlatform::Found the Hw Db part of the input DSA
TRACE::2022-10-25.21:13:11::SCWMssOS::Checking the sw design at  C:/Users/USER/DRAM_vitis_hls/DMA_SG_REMOVED/microblaze_0/standalone_microblaze_0/bsp/system.mss
TRACE::2022-10-25.21:13:11::SCWMssOS::DEBUG:  swdes dump  C:/Users/USER/DRAM_vitis_hls/DMA_SG_REMOVED/microblaze_0/standalone_microblaze_0/bsp/system.mss|system||

TRACE::2022-10-25.21:13:11::SCWMssOS::Sw design exists and opened at  C:/Users/USER/DRAM_vitis_hls/DMA_SG_REMOVED/microblaze_0/standalone_microblaze_0/bsp/system.mss
TRACE::2022-10-25.21:13:11::SCWPlatform::Trying to open the hw design at C:/Users/USER/DRAM_vitis_hls/DMA_SG_REMOVED/hw/DMA_SG_REMOVED.xsa
TRACE::2022-10-25.21:13:11::SCWPlatform::DSA given C:/Users/USER/DRAM_vitis_hls/DMA_SG_REMOVED/hw/DMA_SG_REMOVED.xsa
TRACE::2022-10-25.21:13:11::SCWPlatform::DSA absoulate path C:/Users/USER/DRAM_vitis_hls/DMA_SG_REMOVED/hw/DMA_SG_REMOVED.xsa
TRACE::2022-10-25.21:13:11::SCWPlatform::DSA directory C:/Users/USER/DRAM_vitis_hls/DMA_SG_REMOVED/hw
TRACE::2022-10-25.21:13:11::SCWPlatform:: Platform Path C:/Users/USER/DRAM_vitis_hls/DMA_SG_REMOVED/hw/DMA_SG_REMOVED.xsa
TRACE::2022-10-25.21:13:11::SCWPlatform:: Unique name xilinx:nexys_video::0.0
TRACE::2022-10-25.21:13:11::SCWPlatform::Trying to set the existing hwdb with name design_1_wrapper_40
TRACE::2022-10-25.21:13:11::SCWPlatform::Opened existing hwdb design_1_wrapper_40
TRACE::2022-10-25.21:13:11::SCWPlatform::Found the Hw Db part of the input DSA
TRACE::2022-10-25.21:13:11::SCWMssOS::Checking the sw design at  C:/Users/USER/DRAM_vitis_hls/DMA_SG_REMOVED/microblaze_0/standalone_microblaze_0/bsp/system.mss
TRACE::2022-10-25.21:13:11::SCWMssOS::DEBUG:  swdes dump  C:/Users/USER/DRAM_vitis_hls/DMA_SG_REMOVED/microblaze_0/standalone_microblaze_0/bsp/system.mss|system||

TRACE::2022-10-25.21:13:11::SCWMssOS::Sw design exists and opened at  C:/Users/USER/DRAM_vitis_hls/DMA_SG_REMOVED/microblaze_0/standalone_microblaze_0/bsp/system.mss
TRACE::2022-10-25.21:13:11::SCWWriter::formatted JSON is {
	"platformName":	"DMA_SG_REMOVED",
	"sprVersion":	"2.0",
	"mode":	"gui",
	"dsaType":	"Fixed",
	"platformDesc":	"DMA_SG_REMOVED",
	"platHandOff":	"C:/Users/USER/Downloads/nexys_big_mem_baud/DMA_SG_REMOVED.xsa",
	"platIntHandOff":	"<platformDir>/hw/DMA_SG_REMOVED.xsa",
	"deviceType":	"FPGA",
	"platIsPrebuiltAutogen":	"false",
	"platIsNoBootBsp":	"false",
	"hasFsblMakeHasChanges":	"false",
	"hasPmufwMakeHasChanges":	"false",
	"platPreBuiltFlag":	false,
	"platformSamplesDir":	"",
	"platActiveSys":	"DMA_SG_REMOVED",
	"systems":	[{
			"systemName":	"DMA_SG_REMOVED",
			"systemDesc":	"DMA_SG_REMOVED",
			"sysIsBootAutoGen":	"true",
			"systemDispName":	"DMA_SG_REMOVED",
			"sysActiveDom":	"standalone_microblaze_0",
			"sysDefaultDom":	"standalone_microblaze_0",
			"domains":	[{
					"domainName":	"standalone_microblaze_0",
					"domainDispName":	"standalone_microblaze_0",
					"domainDesc":	"standalone_microblaze_0",
					"processors":	"microblaze_0",
					"os":	"standalone",
					"sdxOs":	"standalone",
					"debugEnable":	"False",
					"domRuntimes":	["cpp"],
					"swRepo":	"",
					"mssOsVer":	"7.5",
					"mssFile":	"",
					"md5Digest":	"6d881196522c5fa3d26911c3a8f7b8e6",
					"compatibleApp":	"empty_application",
					"domType":	"mssDomain",
					"arch":	"32-bit",
					"appSettings":	{
						"appCompilerFlags":	"",
						"appLinkerFlags":	""
					},
					"addedLibs":	[],
					"libOptions":	{
						"libsContainingOptions":	[]
					},
					"prebuiltLibs":	{
						"prebuiltIncPath":	[],
						"prebuiltLibPath":	[]
					},
					"isolation":	{
					}
				}]
		}]
}
KEYINFO::2022-10-25.21:13:11::SCWPlatform::updated the xpfm file.
TRACE::2022-10-25.21:13:11::SCWPlatform::Trying to open the hw design at C:/Users/USER/DRAM_vitis_hls/DMA_SG_REMOVED/hw/DMA_SG_REMOVED.xsa
TRACE::2022-10-25.21:13:11::SCWPlatform::DSA given C:/Users/USER/DRAM_vitis_hls/DMA_SG_REMOVED/hw/DMA_SG_REMOVED.xsa
TRACE::2022-10-25.21:13:11::SCWPlatform::DSA absoulate path C:/Users/USER/DRAM_vitis_hls/DMA_SG_REMOVED/hw/DMA_SG_REMOVED.xsa
TRACE::2022-10-25.21:13:11::SCWPlatform::DSA directory C:/Users/USER/DRAM_vitis_hls/DMA_SG_REMOVED/hw
TRACE::2022-10-25.21:13:11::SCWPlatform:: Platform Path C:/Users/USER/DRAM_vitis_hls/DMA_SG_REMOVED/hw/DMA_SG_REMOVED.xsa
TRACE::2022-10-25.21:13:11::SCWPlatform:: Unique name xilinx:nexys_video::0.0
TRACE::2022-10-25.21:13:11::SCWPlatform::Trying to set the existing hwdb with name design_1_wrapper_40
TRACE::2022-10-25.21:13:11::SCWPlatform::Opened existing hwdb design_1_wrapper_40
TRACE::2022-10-25.21:13:11::SCWPlatform::Found the Hw Db part of the input DSA
TRACE::2022-10-25.21:13:11::SCWMssOS::Checking the sw design at  C:/Users/USER/DRAM_vitis_hls/DMA_SG_REMOVED/microblaze_0/standalone_microblaze_0/bsp/system.mss
TRACE::2022-10-25.21:13:11::SCWMssOS::DEBUG:  swdes dump  C:/Users/USER/DRAM_vitis_hls/DMA_SG_REMOVED/microblaze_0/standalone_microblaze_0/bsp/system.mss|system||

TRACE::2022-10-25.21:13:11::SCWMssOS::Sw design exists and opened at  C:/Users/USER/DRAM_vitis_hls/DMA_SG_REMOVED/microblaze_0/standalone_microblaze_0/bsp/system.mss
